TpTrace Verbose: 0 : 23344, 1, 2025/01/12, 14:32:00.887, 8512442514180, vstest.console.dll, Version: 17.11.0-release-24352-05 Current process architecture: X64
TpTrace Verbose: 0 : 23344, 1, 2025/01/12, 14:32:00.890, 8512442546318, vstest.console.dll, Runtime location: C:\Program Files\dotnet\shared\Microsoft.NETCore.App\8.0.8
TpTrace Verbose: 0 : 23344, 1, 2025/01/12, 14:32:00.894, 8512442579662, vstest.console.dll, ArtifactProcessingPostProcessModeProcessorExecutor.Initialize: ArtifactProcessingMode.Collect
TpTrace Verbose: 0 : 23344, 1, 2025/01/12, 14:32:00.894, 8512442581811, vstest.console.dll, TestSessionCorrelationIdProcessorModeProcessorExecutor.Initialize: TestSessionCorrelationId '23112_3dd72e95-c7ea-4ac0-98b6-30cd1966629d'
TpTrace Information: 0 : 23344, 1, 2025/01/12, 14:32:00.907, 8512442712024, vstest.console.dll, FilePatternParser: The given file C:\Users\maria\source\repos\FinalAssignment\FinalAssignmentTest\bin\Debug\net8.0\fine-code-coverage\build-output\FinalAssignmentTest.dll is a full path.
TpTrace Verbose: 0 : 23344, 1, 2025/01/12, 14:32:00.913, 8512442777128, vstest.console.dll, TestPluginCache.DiscoverTestExtensions: finding test extensions in assemblies ends with: RuntimeProvider.dll TPluginInfo: Microsoft.VisualStudio.TestPlatform.Common.ExtensionFramework.Utilities.TestRuntimePluginInformation TExtension: Microsoft.VisualStudio.TestPlatform.ObjectModel.Host.ITestRuntimeProvider
TpTrace Verbose: 0 : 23344, 1, 2025/01/12, 14:32:00.914, 8512442781214, vstest.console.dll, TestPluginCache.GetExtensionPaths: Filtered extension paths: 
TpTrace Verbose: 0 : 23344, 1, 2025/01/12, 14:32:00.914, 8512442782974, vstest.console.dll, TestPluginCache.GetExtensionPaths: Added default extension paths: C:\Program Files\dotnet\sdk\8.0.400\Extensions\Microsoft.Diagnostics.NETCore.Client.dll
C:\Program Files\dotnet\sdk\8.0.400\Extensions\Microsoft.TestPlatform.Extensions.BlameDataCollector.dll
C:\Program Files\dotnet\sdk\8.0.400\Extensions\Microsoft.TestPlatform.Extensions.EventLogCollector.dll
C:\Program Files\dotnet\sdk\8.0.400\Extensions\Microsoft.TestPlatform.TestHostRuntimeProvider.dll
C:\Program Files\dotnet\sdk\8.0.400\Extensions\Microsoft.VisualStudio.TestPlatform.Extensions.Html.TestLogger.dll
C:\Program Files\dotnet\sdk\8.0.400\Extensions\Microsoft.VisualStudio.TestPlatform.Extensions.Trx.TestLogger.dll
TpTrace Verbose: 0 : 23344, 1, 2025/01/12, 14:32:00.914, 8512442783457, vstest.console.dll, TestPluginCache.GetExtensionPaths: Added unfilterableExtensionPaths: 
TpTrace Information: 0 : 23344, 1, 2025/01/12, 14:32:00.915, 8512442789469, vstest.console.dll, AssemblyResolver.ctor: Creating AssemblyResolver with searchDirectories C:\Program Files\dotnet\sdk\8.0.400\Extensions,C:\Program Files\dotnet\sdk\8.0.400
TpTrace Verbose: 0 : 23344, 1, 2025/01/12, 14:32:00.916, 8512442801837, vstest.console.dll, TestPluginCache.DiscoverTestExtensions: Discovering the extensions using extension path.
TpTrace Verbose: 0 : 23344, 1, 2025/01/12, 14:32:00.916, 8512442803301, vstest.console.dll, TestPluginCache.GetExtensionPaths: Filtered extension paths: 
TpTrace Verbose: 0 : 23344, 1, 2025/01/12, 14:32:00.916, 8512442803739, vstest.console.dll, TestPluginCache.GetExtensionPaths: Added default extension paths: C:\Program Files\dotnet\sdk\8.0.400\Extensions\Microsoft.Diagnostics.NETCore.Client.dll
C:\Program Files\dotnet\sdk\8.0.400\Extensions\Microsoft.TestPlatform.Extensions.BlameDataCollector.dll
C:\Program Files\dotnet\sdk\8.0.400\Extensions\Microsoft.TestPlatform.Extensions.EventLogCollector.dll
C:\Program Files\dotnet\sdk\8.0.400\Extensions\Microsoft.TestPlatform.TestHostRuntimeProvider.dll
C:\Program Files\dotnet\sdk\8.0.400\Extensions\Microsoft.VisualStudio.TestPlatform.Extensions.Html.TestLogger.dll
C:\Program Files\dotnet\sdk\8.0.400\Extensions\Microsoft.VisualStudio.TestPlatform.Extensions.Trx.TestLogger.dll
TpTrace Verbose: 0 : 23344, 1, 2025/01/12, 14:32:00.916, 8512442804092, vstest.console.dll, TestPluginCache.GetExtensionPaths: Added unfilterableExtensionPaths: 
TpTrace Verbose: 0 : 23344, 1, 2025/01/12, 14:32:00.916, 8512442804677, vstest.console.dll, TestPluginCache.DiscoverTestExtensions: Discovering the extensions using allExtensionPaths: C:\Program Files\dotnet\sdk\8.0.400\Extensions\Microsoft.Diagnostics.NETCore.Client.dll
C:\Program Files\dotnet\sdk\8.0.400\Extensions\Microsoft.TestPlatform.Extensions.BlameDataCollector.dll
C:\Program Files\dotnet\sdk\8.0.400\Extensions\Microsoft.TestPlatform.Extensions.EventLogCollector.dll
C:\Program Files\dotnet\sdk\8.0.400\Extensions\Microsoft.TestPlatform.TestHostRuntimeProvider.dll
C:\Program Files\dotnet\sdk\8.0.400\Extensions\Microsoft.VisualStudio.TestPlatform.Extensions.Html.TestLogger.dll
C:\Program Files\dotnet\sdk\8.0.400\Extensions\Microsoft.VisualStudio.TestPlatform.Extensions.Trx.TestLogger.dll
TpTrace Information: 0 : 23344, 1, 2025/01/12, 14:32:00.916, 8512442806043, vstest.console.dll, AssemblyResolver.AddSearchDirectories: Adding more searchDirectories C:\Program Files\dotnet\sdk\8.0.400\Extensions,C:\Program Files\dotnet\sdk\8.0.400
TpTrace Information: 0 : 23344, 1, 2025/01/12, 14:32:00.916, 8512442806600, vstest.console.dll, AssemblyResolver.AddSearchDirectories: Adding more searchDirectories C:\Program Files\dotnet\sdk\8.0.400\Extensions,C:\Program Files\dotnet\sdk\8.0.400
TpTrace Information: 0 : 23344, 1, 2025/01/12, 14:32:00.916, 8512442806946, vstest.console.dll, AssemblyResolver.AddSearchDirectories: Adding more searchDirectories C:\Program Files\dotnet\sdk\8.0.400\Extensions,C:\Program Files\dotnet\sdk\8.0.400
TpTrace Information: 0 : 23344, 1, 2025/01/12, 14:32:00.916, 8512442807288, vstest.console.dll, AssemblyResolver.AddSearchDirectories: Adding more searchDirectories C:\Program Files\dotnet\sdk\8.0.400\Extensions,C:\Program Files\dotnet\sdk\8.0.400
TpTrace Information: 0 : 23344, 1, 2025/01/12, 14:32:00.917, 8512442808145, vstest.console.dll, AssemblyResolver.AddSearchDirectories: Adding more searchDirectories C:\Program Files\dotnet\sdk\8.0.400\Extensions,C:\Program Files\dotnet\sdk\8.0.400
TpTrace Information: 0 : 23344, 1, 2025/01/12, 14:32:00.917, 8512442808488, vstest.console.dll, AssemblyResolver.AddSearchDirectories: Adding more searchDirectories C:\Program Files\dotnet\sdk\8.0.400\Extensions,C:\Program Files\dotnet\sdk\8.0.400
TpTrace Information: 0 : 23344, 1, 2025/01/12, 14:32:00.917, 8512442815550, vstest.console.dll, AssemblyResolver.OnResolve: Microsoft.Diagnostics.NETCore.Client: Resolving assembly.
TpTrace Information: 0 : 23344, 1, 2025/01/12, 14:32:00.917, 8512442816452, vstest.console.dll, AssemblyResolver.OnResolve: Microsoft.Diagnostics.NETCore.Client: Searching in: 'C:\Program Files\dotnet\sdk\8.0.400\Extensions'.
TpTrace Information: 0 : 23344, 1, 2025/01/12, 14:32:00.926, 8512442903888, vstest.console.dll, AssemblyResolver.OnResolve: Microsoft.Diagnostics.NETCore.Client: Loading assembly 'C:\Program Files\dotnet\sdk\8.0.400\Extensions\Microsoft.Diagnostics.NETCore.Client.dll'.
TpTrace Information: 0 : 23344, 1, 2025/01/12, 14:32:00.927, 8512442916166, vstest.console.dll, AssemblyResolver.OnResolve: Resolved assembly: Microsoft.Diagnostics.NETCore.Client, from path: C:\Program Files\dotnet\sdk\8.0.400\Extensions\Microsoft.Diagnostics.NETCore.Client.dll
TpTrace Verbose: 0 : 23344, 1, 2025/01/12, 14:32:00.933, 8512442974244, vstest.console.dll, MetadataReaderExtensionsHelper: Discovering extensions inside assembly 'Microsoft.Diagnostics.NETCore.Client, Version=0.2.10.30701, Culture=neutral, PublicKeyToken=31bf3856ad364e35' file path 'C:\Program Files\dotnet\sdk\8.0.400\Extensions\Microsoft.Diagnostics.NETCore.Client.dll'
TpTrace Information: 0 : 23344, 1, 2025/01/12, 14:32:00.938, 8512443021151, vstest.console.dll, AssemblyResolver.OnResolve: Microsoft.Bcl.AsyncInterfaces: Resolving assembly.
TpTrace Information: 0 : 23344, 1, 2025/01/12, 14:32:00.938, 8512443022472, vstest.console.dll, AssemblyResolver.OnResolve: Microsoft.Bcl.AsyncInterfaces: Searching in: 'C:\Program Files\dotnet\sdk\8.0.400\Extensions'.
TpTrace Information: 0 : 23344, 1, 2025/01/12, 14:32:00.938, 8512443023790, vstest.console.dll, AssemblyResolver.OnResolve: Microsoft.Bcl.AsyncInterfaces: Assembly path does not exist: 'C:\Program Files\dotnet\sdk\8.0.400\Extensions\Microsoft.Bcl.AsyncInterfaces.dll', returning.
TpTrace Information: 0 : 23344, 1, 2025/01/12, 14:32:00.938, 8512443025609, vstest.console.dll, AssemblyResolver.OnResolve: Microsoft.Bcl.AsyncInterfaces: Assembly path does not exist: 'C:\Program Files\dotnet\sdk\8.0.400\Extensions\Microsoft.Bcl.AsyncInterfaces.exe', returning.
TpTrace Information: 0 : 23344, 1, 2025/01/12, 14:32:00.939, 8512443029650, vstest.console.dll, AssemblyResolver.OnResolve: Microsoft.Bcl.AsyncInterfaces: Searching in: 'C:\Program Files\dotnet\sdk\8.0.400'.
TpTrace Information: 0 : 23344, 1, 2025/01/12, 14:32:00.939, 8512443031996, vstest.console.dll, AssemblyResolver.OnResolve: Microsoft.Bcl.AsyncInterfaces: Assembly path does not exist: 'C:\Program Files\dotnet\sdk\8.0.400\Microsoft.Bcl.AsyncInterfaces.dll', returning.
TpTrace Information: 0 : 23344, 1, 2025/01/12, 14:32:00.939, 8512443035219, vstest.console.dll, AssemblyResolver.OnResolve: Microsoft.Bcl.AsyncInterfaces: Assembly path does not exist: 'C:\Program Files\dotnet\sdk\8.0.400\Microsoft.Bcl.AsyncInterfaces.exe', returning.
TpTrace Information: 0 : 23344, 1, 2025/01/12, 14:32:00.939, 8512443036082, vstest.console.dll, AssemblyResolver.OnResolve: Microsoft.Bcl.AsyncInterfaces: Failed to load assembly.
TpTrace Verbose: 0 : 23344, 1, 2025/01/12, 14:32:00.939, 8512443037154, vstest.console.dll, CurrentDomainAssemblyResolve: Resolving assembly 'Microsoft.Bcl.AsyncInterfaces'.
TpTrace Information: 0 : 23344, 1, 2025/01/12, 14:32:00.940, 8512443038346, vstest.console.dll, AssemblyResolver.OnResolve: Microsoft.Bcl.AsyncInterfaces: Resolving assembly.
TpTrace Information: 0 : 23344, 1, 2025/01/12, 14:32:00.940, 8512443039331, vstest.console.dll, AssemblyResolver.OnResolve: Microsoft.Bcl.AsyncInterfaces: Resolved from cache.
TpTrace Verbose: 0 : 23344, 1, 2025/01/12, 14:32:00.940, 8512443040118, vstest.console.dll, CurrentDomainAssemblyResolve: Resolving assembly 'Microsoft.Bcl.AsyncInterfaces'.
TpTrace Verbose: 0 : 23344, 1, 2025/01/12, 14:32:00.940, 8512443042821, vstest.console.dll, CurrentDomainAssemblyResolve: Failed to resolve assembly 'Microsoft.Bcl.AsyncInterfaces'.
TpTrace Verbose: 0 : 23344, 1, 2025/01/12, 14:32:00.941, 8512443053258, vstest.console.dll, CurrentDomainAssemblyResolve: Failed to resolve assembly 'Microsoft.Bcl.AsyncInterfaces'.
TpTrace Warning: 0 : 23344, 1, 2025/01/12, 14:32:00.951, 8512443150198, vstest.console.dll, TestPluginDiscoverer: Failed to get types from assembly 'Microsoft.Diagnostics.NETCore.Client, Version=0.2.10.30701, Culture=neutral, PublicKeyToken=31bf3856ad364e35'. Error: System.Reflection.ReflectionTypeLoadException: Unable to load one or more of the requested types.
Could not load file or assembly 'Microsoft.Bcl.AsyncInterfaces, Version=6.0.0.0, Culture=neutral, PublicKeyToken=cc7b13ffcd2ddd51'. Det går inte att hitta filen.
   at System.Reflection.RuntimeModule.GetTypes(RuntimeModule module)
   at System.Reflection.RuntimeModule.GetTypes()
   at Microsoft.VisualStudio.TestPlatform.Common.ExtensionFramework.TestPluginDiscoverer.GetTestExtensionsFromAssembly[TPluginInfo,TExtension](Assembly assembly, Dictionary`2 pluginInfos, String filePath) in /_/src/Microsoft.TestPlatform.Common/ExtensionFramework/TestPluginDiscoverer.cs:line 158
System.IO.FileNotFoundException: Could not load file or assembly 'Microsoft.Bcl.AsyncInterfaces, Version=6.0.0.0, Culture=neutral, PublicKeyToken=cc7b13ffcd2ddd51'. Det går inte att hitta filen.
File name: 'Microsoft.Bcl.AsyncInterfaces, Version=6.0.0.0, Culture=neutral, PublicKeyToken=cc7b13ffcd2ddd51'
 ---> System.IO.FileNotFoundException: Could not load file or assembly 'Microsoft.Bcl.AsyncInterfaces, Culture=neutral, PublicKeyToken=null'. Det går inte att hitta filen.
File name: 'Microsoft.Bcl.AsyncInterfaces, Culture=neutral, PublicKeyToken=null'
   at System.Reflection.RuntimeAssembly.InternalLoad(AssemblyName assemblyName, StackCrawlMark& stackMark, AssemblyLoadContext assemblyLoadContext, RuntimeAssembly requestingAssembly, Boolean throwOnFileNotFound)
   at System.Reflection.Assembly.Load(AssemblyName assemblyRef)
   at Microsoft.VisualStudio.TestPlatform.Common.ExtensionFramework.TestPluginCache.CurrentDomainAssemblyResolve(Object sender, AssemblyResolveEventArgs args) in /_/src/Microsoft.TestPlatform.Common/ExtensionFramework/TestPluginCache.cs:line 513
   at System.Runtime.Loader.AssemblyLoadContext.GetFirstResolvedAssemblyFromResolvingEvent(AssemblyName assemblyName)
   at System.Runtime.Loader.AssemblyLoadContext.ResolveUsingEvent(AssemblyName assemblyName)
   at System.Runtime.Loader.AssemblyLoadContext.ResolveUsingResolvingEvent(IntPtr gchManagedAssemblyLoadContext, AssemblyName assemblyName)
TpTrace Warning: 0 : 23344, 1, 2025/01/12, 14:32:00.951, 8512443153453, vstest.console.dll, LoaderExceptions: System.IO.FileNotFoundException: Could not load file or assembly 'Microsoft.Bcl.AsyncInterfaces, Version=6.0.0.0, Culture=neutral, PublicKeyToken=cc7b13ffcd2ddd51'. Det går inte att hitta filen.
File name: 'Microsoft.Bcl.AsyncInterfaces, Version=6.0.0.0, Culture=neutral, PublicKeyToken=cc7b13ffcd2ddd51'
 ---> System.IO.FileNotFoundException: Could not load file or assembly 'Microsoft.Bcl.AsyncInterfaces, Culture=neutral, PublicKeyToken=null'. Det går inte att hitta filen.
File name: 'Microsoft.Bcl.AsyncInterfaces, Culture=neutral, PublicKeyToken=null'
   at System.Reflection.RuntimeAssembly.InternalLoad(AssemblyName assemblyName, StackCrawlMark& stackMark, AssemblyLoadContext assemblyLoadContext, RuntimeAssembly requestingAssembly, Boolean throwOnFileNotFound)
   at System.Reflection.Assembly.Load(AssemblyName assemblyRef)
   at Microsoft.VisualStudio.TestPlatform.Common.ExtensionFramework.TestPluginCache.CurrentDomainAssemblyResolve(Object sender, AssemblyResolveEventArgs args) in /_/src/Microsoft.TestPlatform.Common/ExtensionFramework/TestPluginCache.cs:line 513
   at System.Runtime.Loader.AssemblyLoadContext.GetFirstResolvedAssemblyFromResolvingEvent(AssemblyName assemblyName)
   at System.Runtime.Loader.AssemblyLoadContext.ResolveUsingEvent(AssemblyName assemblyName)
   at System.Runtime.Loader.AssemblyLoadContext.ResolveUsingResolvingEvent(IntPtr gchManagedAssemblyLoadContext, AssemblyName assemblyName)
TpTrace Information: 0 : 23344, 1, 2025/01/12, 14:32:00.951, 8512443154772, vstest.console.dll, AssemblyResolver.OnResolve: Microsoft.TestPlatform.Extensions.BlameDataCollector: Resolving assembly.
TpTrace Information: 0 : 23344, 1, 2025/01/12, 14:32:00.951, 8512443155335, vstest.console.dll, AssemblyResolver.OnResolve: Microsoft.TestPlatform.Extensions.BlameDataCollector: Searching in: 'C:\Program Files\dotnet\sdk\8.0.400\Extensions'.
TpTrace Information: 0 : 23344, 1, 2025/01/12, 14:32:00.952, 8512443161862, vstest.console.dll, AssemblyResolver.OnResolve: Microsoft.TestPlatform.Extensions.BlameDataCollector: Loading assembly 'C:\Program Files\dotnet\sdk\8.0.400\Extensions\Microsoft.TestPlatform.Extensions.BlameDataCollector.dll'.
TpTrace Information: 0 : 23344, 1, 2025/01/12, 14:32:00.953, 8512443169159, vstest.console.dll, AssemblyResolver.OnResolve: Resolved assembly: Microsoft.TestPlatform.Extensions.BlameDataCollector, from path: C:\Program Files\dotnet\sdk\8.0.400\Extensions\Microsoft.TestPlatform.Extensions.BlameDataCollector.dll
TpTrace Verbose: 0 : 23344, 1, 2025/01/12, 14:32:00.953, 8512443170250, vstest.console.dll, MetadataReaderExtensionsHelper: Discovering extensions inside assembly 'Microsoft.TestPlatform.Extensions.BlameDataCollector, Version=15.0.0.0, Culture=neutral, PublicKeyToken=b03f5f7f11d50a3a' file path 'C:\Program Files\dotnet\sdk\8.0.400\Extensions\Microsoft.TestPlatform.Extensions.BlameDataCollector.dll'
TpTrace Information: 0 : 23344, 1, 2025/01/12, 14:32:00.955, 8512443188588, vstest.console.dll, AssemblyResolver.OnResolve: Microsoft.TestPlatform.Extensions.EventLogCollector: Resolving assembly.
TpTrace Information: 0 : 23344, 1, 2025/01/12, 14:32:00.955, 8512443189894, vstest.console.dll, AssemblyResolver.OnResolve: Microsoft.TestPlatform.Extensions.EventLogCollector: Searching in: 'C:\Program Files\dotnet\sdk\8.0.400\Extensions'.
TpTrace Information: 0 : 23344, 1, 2025/01/12, 14:32:00.955, 8512443196226, vstest.console.dll, AssemblyResolver.OnResolve: Microsoft.TestPlatform.Extensions.EventLogCollector: Loading assembly 'C:\Program Files\dotnet\sdk\8.0.400\Extensions\Microsoft.TestPlatform.Extensions.EventLogCollector.dll'.
TpTrace Information: 0 : 23344, 1, 2025/01/12, 14:32:00.956, 8512443202978, vstest.console.dll, AssemblyResolver.OnResolve: Resolved assembly: Microsoft.TestPlatform.Extensions.EventLogCollector, from path: C:\Program Files\dotnet\sdk\8.0.400\Extensions\Microsoft.TestPlatform.Extensions.EventLogCollector.dll
TpTrace Verbose: 0 : 23344, 1, 2025/01/12, 14:32:00.956, 8512443203691, vstest.console.dll, MetadataReaderExtensionsHelper: Discovering extensions inside assembly 'Microsoft.TestPlatform.Extensions.EventLogCollector, Version=15.0.0.0, Culture=neutral, PublicKeyToken=b03f5f7f11d50a3a' file path 'C:\Program Files\dotnet\sdk\8.0.400\Extensions\Microsoft.TestPlatform.Extensions.EventLogCollector.dll'
TpTrace Information: 0 : 23344, 1, 2025/01/12, 14:32:00.958, 8512443223205, vstest.console.dll, AssemblyResolver.OnResolve: Microsoft.TestPlatform.TestHostRuntimeProvider: Resolving assembly.
TpTrace Information: 0 : 23344, 1, 2025/01/12, 14:32:00.958, 8512443224076, vstest.console.dll, AssemblyResolver.OnResolve: Microsoft.TestPlatform.TestHostRuntimeProvider: Searching in: 'C:\Program Files\dotnet\sdk\8.0.400\Extensions'.
TpTrace Information: 0 : 23344, 1, 2025/01/12, 14:32:00.959, 8512443229785, vstest.console.dll, AssemblyResolver.OnResolve: Microsoft.TestPlatform.TestHostRuntimeProvider: Loading assembly 'C:\Program Files\dotnet\sdk\8.0.400\Extensions\Microsoft.TestPlatform.TestHostRuntimeProvider.dll'.
TpTrace Information: 0 : 23344, 1, 2025/01/12, 14:32:00.959, 8512443235966, vstest.console.dll, AssemblyResolver.OnResolve: Resolved assembly: Microsoft.TestPlatform.TestHostRuntimeProvider, from path: C:\Program Files\dotnet\sdk\8.0.400\Extensions\Microsoft.TestPlatform.TestHostRuntimeProvider.dll
TpTrace Verbose: 0 : 23344, 1, 2025/01/12, 14:32:00.959, 8512443236942, vstest.console.dll, MetadataReaderExtensionsHelper: Discovering extensions inside assembly 'Microsoft.TestPlatform.TestHostRuntimeProvider, Version=15.0.0.0, Culture=neutral, PublicKeyToken=b03f5f7f11d50a3a' file path 'C:\Program Files\dotnet\sdk\8.0.400\Extensions\Microsoft.TestPlatform.TestHostRuntimeProvider.dll'
TpTrace Information: 0 : 23344, 1, 2025/01/12, 14:32:00.961, 8512443253514, vstest.console.dll, GetTestExtensionFromType: Register extension with identifier data 'HostProvider://DefaultTestHost' and type 'Microsoft.VisualStudio.TestPlatform.CrossPlatEngine.Hosting.DefaultTestHostManager, Microsoft.TestPlatform.TestHostRuntimeProvider, Version=15.0.0.0, Culture=neutral, PublicKeyToken=b03f5f7f11d50a3a' inside file 'C:\Program Files\dotnet\sdk\8.0.400\Extensions\Microsoft.TestPlatform.TestHostRuntimeProvider.dll'
TpTrace Information: 0 : 23344, 1, 2025/01/12, 14:32:00.961, 8512443255773, vstest.console.dll, GetTestExtensionFromType: Register extension with identifier data 'HostProvider://DotnetTestHost' and type 'Microsoft.VisualStudio.TestPlatform.CrossPlatEngine.Hosting.DotnetTestHostManager, Microsoft.TestPlatform.TestHostRuntimeProvider, Version=15.0.0.0, Culture=neutral, PublicKeyToken=b03f5f7f11d50a3a' inside file 'C:\Program Files\dotnet\sdk\8.0.400\Extensions\Microsoft.TestPlatform.TestHostRuntimeProvider.dll'
TpTrace Information: 0 : 23344, 1, 2025/01/12, 14:32:00.961, 8512443256484, vstest.console.dll, AssemblyResolver.OnResolve: Microsoft.VisualStudio.TestPlatform.Extensions.Html.TestLogger: Resolving assembly.
TpTrace Information: 0 : 23344, 1, 2025/01/12, 14:32:00.961, 8512443257099, vstest.console.dll, AssemblyResolver.OnResolve: Microsoft.VisualStudio.TestPlatform.Extensions.Html.TestLogger: Searching in: 'C:\Program Files\dotnet\sdk\8.0.400\Extensions'.
TpTrace Information: 0 : 23344, 1, 2025/01/12, 14:32:00.962, 8512443262593, vstest.console.dll, AssemblyResolver.OnResolve: Microsoft.VisualStudio.TestPlatform.Extensions.Html.TestLogger: Loading assembly 'C:\Program Files\dotnet\sdk\8.0.400\Extensions\Microsoft.VisualStudio.TestPlatform.Extensions.Html.TestLogger.dll'.
TpTrace Information: 0 : 23344, 1, 2025/01/12, 14:32:00.963, 8512443268829, vstest.console.dll, AssemblyResolver.OnResolve: Resolved assembly: Microsoft.VisualStudio.TestPlatform.Extensions.Html.TestLogger, from path: C:\Program Files\dotnet\sdk\8.0.400\Extensions\Microsoft.VisualStudio.TestPlatform.Extensions.Html.TestLogger.dll
TpTrace Verbose: 0 : 23344, 1, 2025/01/12, 14:32:00.963, 8512443269524, vstest.console.dll, MetadataReaderExtensionsHelper: Discovering extensions inside assembly 'Microsoft.VisualStudio.TestPlatform.Extensions.Html.TestLogger, Version=15.0.0.0, Culture=neutral, PublicKeyToken=b03f5f7f11d50a3a' file path 'C:\Program Files\dotnet\sdk\8.0.400\Extensions\Microsoft.VisualStudio.TestPlatform.Extensions.Html.TestLogger.dll'
TpTrace Information: 0 : 23344, 1, 2025/01/12, 14:32:00.964, 8512443282383, vstest.console.dll, AssemblyResolver.OnResolve: Microsoft.VisualStudio.TestPlatform.Extensions.Trx.TestLogger: Resolving assembly.
TpTrace Information: 0 : 23344, 1, 2025/01/12, 14:32:00.964, 8512443283565, vstest.console.dll, AssemblyResolver.OnResolve: Microsoft.VisualStudio.TestPlatform.Extensions.Trx.TestLogger: Searching in: 'C:\Program Files\dotnet\sdk\8.0.400\Extensions'.
TpTrace Information: 0 : 23344, 1, 2025/01/12, 14:32:00.965, 8512443290411, vstest.console.dll, AssemblyResolver.OnResolve: Microsoft.VisualStudio.TestPlatform.Extensions.Trx.TestLogger: Loading assembly 'C:\Program Files\dotnet\sdk\8.0.400\Extensions\Microsoft.VisualStudio.TestPlatform.Extensions.Trx.TestLogger.dll'.
TpTrace Information: 0 : 23344, 1, 2025/01/12, 14:32:00.965, 8512443297110, vstest.console.dll, AssemblyResolver.OnResolve: Resolved assembly: Microsoft.VisualStudio.TestPlatform.Extensions.Trx.TestLogger, from path: C:\Program Files\dotnet\sdk\8.0.400\Extensions\Microsoft.VisualStudio.TestPlatform.Extensions.Trx.TestLogger.dll
TpTrace Verbose: 0 : 23344, 1, 2025/01/12, 14:32:00.966, 8512443297995, vstest.console.dll, MetadataReaderExtensionsHelper: Discovering extensions inside assembly 'Microsoft.VisualStudio.TestPlatform.Extensions.Trx.TestLogger, Version=15.0.0.0, Culture=neutral, PublicKeyToken=b03f5f7f11d50a3a' file path 'C:\Program Files\dotnet\sdk\8.0.400\Extensions\Microsoft.VisualStudio.TestPlatform.Extensions.Trx.TestLogger.dll'
TpTrace Verbose: 0 : 23344, 1, 2025/01/12, 14:32:00.967, 8512443310395, vstest.console.dll, TestPluginCache: Discovered the extensions using extension path ''.
TpTrace Verbose: 0 : 23344, 1, 2025/01/12, 14:32:00.967, 8512443311078, vstest.console.dll, TestPluginCache: Discoverers are ''.
TpTrace Verbose: 0 : 23344, 1, 2025/01/12, 14:32:00.967, 8512443311364, vstest.console.dll, TestPluginCache: Executors are ''.
TpTrace Verbose: 0 : 23344, 1, 2025/01/12, 14:32:00.967, 8512443311605, vstest.console.dll, TestPluginCache: Executors2 are ''.
TpTrace Verbose: 0 : 23344, 1, 2025/01/12, 14:32:00.967, 8512443311836, vstest.console.dll, TestPluginCache: Setting providers are ''.
TpTrace Verbose: 0 : 23344, 1, 2025/01/12, 14:32:00.967, 8512443312070, vstest.console.dll, TestPluginCache: Loggers are ''.
TpTrace Verbose: 0 : 23344, 1, 2025/01/12, 14:32:00.967, 8512443313881, vstest.console.dll, TestPluginCache: TestHosts are 'HostProvider://DefaultTestHost,HostProvider://DotnetTestHost'.
TpTrace Verbose: 0 : 23344, 1, 2025/01/12, 14:32:00.967, 8512443314264, vstest.console.dll, TestPluginCache: DataCollectors are ''.
TpTrace Information: 0 : 23344, 1, 2025/01/12, 14:32:00.980, 8512443445731, vstest.console.dll, RunTestsArgumentProcessor:Execute: Test run is starting.
TpTrace Verbose: 0 : 23344, 1, 2025/01/12, 14:32:00.980, 8512443446725, vstest.console.dll, RunTestsArgumentProcessor:Execute: Queuing Test run.
TpTrace Information: 0 : 23344, 1, 2025/01/12, 14:32:00.981, 8512443448944, vstest.console.dll, TestRequestManager.RunTests: run tests started.
TpTrace Information: 0 : 23344, 1, 2025/01/12, 14:32:00.982, 8512443460556, vstest.console.dll, AssemblyMetadataProvider.GetFrameworkName: Determined framework:'.NETCoreApp,Version=v8.0' for source: 'C:\Users\maria\source\repos\FinalAssignment\FinalAssignmentTest\bin\Debug\net8.0\fine-code-coverage\build-output\FinalAssignmentTest.dll'
TpTrace Information: 0 : 23344, 1, 2025/01/12, 14:32:00.982, 8512443462305, vstest.console.dll, Determined framework for all sources: .NETCoreApp,Version=v8.0
TpTrace Verbose: 0 : 23344, 1, 2025/01/12, 14:32:00.982, 8512443465185, vstest.console.dll, TestRequestManager.UpdateRunSettingsIfRequired: Default architecture: X64 IsDefaultTargetArchitecture: True, Current process architecture: X64 OperatingSystem: Windows.
TpTrace Information: 0 : 23344, 1, 2025/01/12, 14:32:00.984, 8512443479261, vstest.console.dll, AssemblyMetadataProvider.GetArchitecture: Determined architecture:AnyCPU info for assembly: C:\Users\maria\source\repos\FinalAssignment\FinalAssignmentTest\bin\Debug\net8.0\fine-code-coverage\build-output\FinalAssignmentTest.dll
TpTrace Information: 0 : 23344, 1, 2025/01/12, 14:32:00.984, 8512443480061, vstest.console.dll, Determined platform for source 'C:\Users\maria\source\repos\FinalAssignment\FinalAssignmentTest\bin\Debug\net8.0\fine-code-coverage\build-output\FinalAssignmentTest.dll' was AnyCPU and it will use the default plaform X64.
TpTrace Information: 0 : 23344, 1, 2025/01/12, 14:32:00.984, 8512443480542, vstest.console.dll, None of the sources provided any runnable platform, using the default platform: X64
TpTrace Information: 0 : 23344, 1, 2025/01/12, 14:32:00.984, 8512443481695, vstest.console.dll, Platform was updated to 'X64'.
TpTrace Information: 0 : 23344, 1, 2025/01/12, 14:32:00.987, 8512443514401, vstest.console.dll, InferRunSettingsHelper.IsTestSettingsEnabled: Unable to navigate to RunSettings/MSTest. Current node: RunSettings
TpTrace Information: 0 : 23344, 1, 2025/01/12, 14:32:00.988, 8512443521196, vstest.console.dll, AssemblyResolver.OnResolve: Microsoft.VisualStudio.TestPlatform.Fakes: Resolving assembly.
TpTrace Information: 0 : 23344, 1, 2025/01/12, 14:32:00.988, 8512443522012, vstest.console.dll, AssemblyResolver.OnResolve: Microsoft.VisualStudio.TestPlatform.Fakes: Searching in: 'C:\Program Files\dotnet\sdk\8.0.400\Extensions'.
TpTrace Information: 0 : 23344, 1, 2025/01/12, 14:32:00.988, 8512443522818, vstest.console.dll, AssemblyResolver.OnResolve: Microsoft.VisualStudio.TestPlatform.Fakes: Assembly path does not exist: 'C:\Program Files\dotnet\sdk\8.0.400\Extensions\Microsoft.VisualStudio.TestPlatform.Fakes.dll', returning.
TpTrace Information: 0 : 23344, 1, 2025/01/12, 14:32:00.988, 8512443523427, vstest.console.dll, AssemblyResolver.OnResolve: Microsoft.VisualStudio.TestPlatform.Fakes: Assembly path does not exist: 'C:\Program Files\dotnet\sdk\8.0.400\Extensions\Microsoft.VisualStudio.TestPlatform.Fakes.exe', returning.
TpTrace Information: 0 : 23344, 1, 2025/01/12, 14:32:00.988, 8512443523745, vstest.console.dll, AssemblyResolver.OnResolve: Microsoft.VisualStudio.TestPlatform.Fakes: Searching in: 'C:\Program Files\dotnet\sdk\8.0.400'.
TpTrace Information: 0 : 23344, 1, 2025/01/12, 14:32:00.988, 8512443524455, vstest.console.dll, AssemblyResolver.OnResolve: Microsoft.VisualStudio.TestPlatform.Fakes: Assembly path does not exist: 'C:\Program Files\dotnet\sdk\8.0.400\Microsoft.VisualStudio.TestPlatform.Fakes.dll', returning.
TpTrace Information: 0 : 23344, 1, 2025/01/12, 14:32:00.988, 8512443525098, vstest.console.dll, AssemblyResolver.OnResolve: Microsoft.VisualStudio.TestPlatform.Fakes: Assembly path does not exist: 'C:\Program Files\dotnet\sdk\8.0.400\Microsoft.VisualStudio.TestPlatform.Fakes.exe', returning.
TpTrace Information: 0 : 23344, 1, 2025/01/12, 14:32:00.988, 8512443525381, vstest.console.dll, AssemblyResolver.OnResolve: Microsoft.VisualStudio.TestPlatform.Fakes: Failed to load assembly.
TpTrace Information: 0 : 23344, 1, 2025/01/12, 14:32:00.989, 8512443527818, vstest.console.dll, Failed to load assembly Microsoft.VisualStudio.TestPlatform.Fakes, Version=17.0.0.0, Culture=neutral. Reason:System.IO.FileNotFoundException: Could not load file or assembly 'Microsoft.VisualStudio.TestPlatform.Fakes, Version=17.0.0.0, Culture=neutral, PublicKeyToken=null'. Det går inte att hitta filen.
File name: 'Microsoft.VisualStudio.TestPlatform.Fakes, Version=17.0.0.0, Culture=neutral, PublicKeyToken=null'
   at System.Reflection.RuntimeAssembly.InternalLoad(AssemblyName assemblyName, StackCrawlMark& stackMark, AssemblyLoadContext assemblyLoadContext, RuntimeAssembly requestingAssembly, Boolean throwOnFileNotFound)
   at System.Reflection.Assembly.Load(AssemblyName assemblyRef)
   at Microsoft.VisualStudio.TestPlatform.Common.Utilities.FakesUtilities.LoadTestPlatformAssembly() in /_/src/Microsoft.TestPlatform.Common/Utilities/FakesUtilities.cs:line 272
TpTrace Verbose: 0 : 23344, 1, 2025/01/12, 14:32:00.991, 8512443557267, vstest.console.dll, TestPluginCache.DiscoverTestExtensions: finding test extensions in assemblies ends with: TestLogger.dll TPluginInfo: Microsoft.VisualStudio.TestPlatform.Common.ExtensionFramework.Utilities.TestLoggerPluginInformation TExtension: Microsoft.VisualStudio.TestPlatform.ObjectModel.Client.ITestLogger
TpTrace Verbose: 0 : 23344, 1, 2025/01/12, 14:32:00.992, 8512443558104, vstest.console.dll, TestPluginCache.GetExtensionPaths: Filtered extension paths: 
TpTrace Verbose: 0 : 23344, 1, 2025/01/12, 14:32:00.992, 8512443558486, vstest.console.dll, TestPluginCache.GetExtensionPaths: Added default extension paths: C:\Program Files\dotnet\sdk\8.0.400\Extensions\Microsoft.Diagnostics.NETCore.Client.dll
C:\Program Files\dotnet\sdk\8.0.400\Extensions\Microsoft.TestPlatform.Extensions.BlameDataCollector.dll
C:\Program Files\dotnet\sdk\8.0.400\Extensions\Microsoft.TestPlatform.Extensions.EventLogCollector.dll
C:\Program Files\dotnet\sdk\8.0.400\Extensions\Microsoft.TestPlatform.TestHostRuntimeProvider.dll
C:\Program Files\dotnet\sdk\8.0.400\Extensions\Microsoft.VisualStudio.TestPlatform.Extensions.Html.TestLogger.dll
C:\Program Files\dotnet\sdk\8.0.400\Extensions\Microsoft.VisualStudio.TestPlatform.Extensions.Trx.TestLogger.dll
TpTrace Verbose: 0 : 23344, 1, 2025/01/12, 14:32:00.992, 8512443558768, vstest.console.dll, TestPluginCache.GetExtensionPaths: Added unfilterableExtensionPaths: 
TpTrace Information: 0 : 23344, 1, 2025/01/12, 14:32:00.992, 8512443559780, vstest.console.dll, AssemblyResolver.AddSearchDirectories: Adding more searchDirectories C:\Program Files\dotnet\sdk\8.0.400\Extensions,C:\Program Files\dotnet\sdk\8.0.400
TpTrace Verbose: 0 : 23344, 1, 2025/01/12, 14:32:00.992, 8512443560189, vstest.console.dll, TestPluginCache.DiscoverTestExtensions: Discovering the extensions using extension path.
TpTrace Verbose: 0 : 23344, 1, 2025/01/12, 14:32:00.992, 8512443560507, vstest.console.dll, TestPluginCache.GetExtensionPaths: Filtered extension paths: 
TpTrace Verbose: 0 : 23344, 1, 2025/01/12, 14:32:00.992, 8512443560801, vstest.console.dll, TestPluginCache.GetExtensionPaths: Added default extension paths: C:\Program Files\dotnet\sdk\8.0.400\Extensions\Microsoft.Diagnostics.NETCore.Client.dll
C:\Program Files\dotnet\sdk\8.0.400\Extensions\Microsoft.TestPlatform.Extensions.BlameDataCollector.dll
C:\Program Files\dotnet\sdk\8.0.400\Extensions\Microsoft.TestPlatform.Extensions.EventLogCollector.dll
C:\Program Files\dotnet\sdk\8.0.400\Extensions\Microsoft.TestPlatform.TestHostRuntimeProvider.dll
C:\Program Files\dotnet\sdk\8.0.400\Extensions\Microsoft.VisualStudio.TestPlatform.Extensions.Html.TestLogger.dll
C:\Program Files\dotnet\sdk\8.0.400\Extensions\Microsoft.VisualStudio.TestPlatform.Extensions.Trx.TestLogger.dll
TpTrace Verbose: 0 : 23344, 1, 2025/01/12, 14:32:00.992, 8512443561193, vstest.console.dll, TestPluginCache.GetExtensionPaths: Added unfilterableExtensionPaths: 
TpTrace Verbose: 0 : 23344, 1, 2025/01/12, 14:32:00.992, 8512443561532, vstest.console.dll, TestPluginCache.DiscoverTestExtensions: Discovering the extensions using allExtensionPaths: C:\Program Files\dotnet\sdk\8.0.400\Extensions\Microsoft.Diagnostics.NETCore.Client.dll
C:\Program Files\dotnet\sdk\8.0.400\Extensions\Microsoft.TestPlatform.Extensions.BlameDataCollector.dll
C:\Program Files\dotnet\sdk\8.0.400\Extensions\Microsoft.TestPlatform.Extensions.EventLogCollector.dll
C:\Program Files\dotnet\sdk\8.0.400\Extensions\Microsoft.TestPlatform.TestHostRuntimeProvider.dll
C:\Program Files\dotnet\sdk\8.0.400\Extensions\Microsoft.VisualStudio.TestPlatform.Extensions.Html.TestLogger.dll
C:\Program Files\dotnet\sdk\8.0.400\Extensions\Microsoft.VisualStudio.TestPlatform.Extensions.Trx.TestLogger.dll
TpTrace Information: 0 : 23344, 1, 2025/01/12, 14:32:00.992, 8512443562388, vstest.console.dll, AssemblyResolver.AddSearchDirectories: Adding more searchDirectories C:\Program Files\dotnet\sdk\8.0.400\Extensions,C:\Program Files\dotnet\sdk\8.0.400
TpTrace Information: 0 : 23344, 1, 2025/01/12, 14:32:00.992, 8512443562822, vstest.console.dll, AssemblyResolver.AddSearchDirectories: Adding more searchDirectories C:\Program Files\dotnet\sdk\8.0.400\Extensions,C:\Program Files\dotnet\sdk\8.0.400
TpTrace Information: 0 : 23344, 1, 2025/01/12, 14:32:00.992, 8512443563123, vstest.console.dll, AssemblyResolver.AddSearchDirectories: Adding more searchDirectories C:\Program Files\dotnet\sdk\8.0.400\Extensions,C:\Program Files\dotnet\sdk\8.0.400
TpTrace Information: 0 : 23344, 1, 2025/01/12, 14:32:00.992, 8512443563410, vstest.console.dll, AssemblyResolver.AddSearchDirectories: Adding more searchDirectories C:\Program Files\dotnet\sdk\8.0.400\Extensions,C:\Program Files\dotnet\sdk\8.0.400
TpTrace Information: 0 : 23344, 1, 2025/01/12, 14:32:00.992, 8512443563693, vstest.console.dll, AssemblyResolver.AddSearchDirectories: Adding more searchDirectories C:\Program Files\dotnet\sdk\8.0.400\Extensions,C:\Program Files\dotnet\sdk\8.0.400
TpTrace Information: 0 : 23344, 1, 2025/01/12, 14:32:00.992, 8512443564019, vstest.console.dll, AssemblyResolver.AddSearchDirectories: Adding more searchDirectories C:\Program Files\dotnet\sdk\8.0.400\Extensions,C:\Program Files\dotnet\sdk\8.0.400
TpTrace Verbose: 0 : 23344, 1, 2025/01/12, 14:32:00.992, 8512443564900, vstest.console.dll, MetadataReaderExtensionsHelper: Discovering extensions inside assembly 'Microsoft.Diagnostics.NETCore.Client, Version=0.2.10.30701, Culture=neutral, PublicKeyToken=31bf3856ad364e35' file path 'C:\Program Files\dotnet\sdk\8.0.400\Extensions\Microsoft.Diagnostics.NETCore.Client.dll'
TpTrace Information: 0 : 23344, 1, 2025/01/12, 14:32:00.993, 8512443574008, vstest.console.dll, AssemblyResolver.OnResolve: Microsoft.Bcl.AsyncInterfaces: Resolving assembly.
TpTrace Information: 0 : 23344, 1, 2025/01/12, 14:32:00.993, 8512443574548, vstest.console.dll, AssemblyResolver.OnResolve: Microsoft.Bcl.AsyncInterfaces: Resolved from cache.
TpTrace Verbose: 0 : 23344, 1, 2025/01/12, 14:32:00.993, 8512443574838, vstest.console.dll, CurrentDomainAssemblyResolve: Resolving assembly 'Microsoft.Bcl.AsyncInterfaces'.
TpTrace Information: 0 : 23344, 1, 2025/01/12, 14:32:00.993, 8512443575259, vstest.console.dll, AssemblyResolver.OnResolve: Microsoft.Bcl.AsyncInterfaces: Resolving assembly.
TpTrace Information: 0 : 23344, 1, 2025/01/12, 14:32:00.993, 8512443575576, vstest.console.dll, AssemblyResolver.OnResolve: Microsoft.Bcl.AsyncInterfaces: Resolved from cache.
TpTrace Verbose: 0 : 23344, 1, 2025/01/12, 14:32:00.993, 8512443575833, vstest.console.dll, CurrentDomainAssemblyResolve: Resolving assembly 'Microsoft.Bcl.AsyncInterfaces'.
TpTrace Verbose: 0 : 23344, 1, 2025/01/12, 14:32:00.993, 8512443576074, vstest.console.dll, CurrentDomainAssemblyResolve: Failed to resolve assembly 'Microsoft.Bcl.AsyncInterfaces'.
TpTrace Verbose: 0 : 23344, 1, 2025/01/12, 14:32:00.993, 8512443577365, vstest.console.dll, CurrentDomainAssemblyResolve: Failed to resolve assembly 'Microsoft.Bcl.AsyncInterfaces'.
TpTrace Warning: 0 : 23344, 1, 2025/01/12, 14:32:00.994, 8512443580604, vstest.console.dll, TestPluginDiscoverer: Failed to get types from assembly 'Microsoft.Diagnostics.NETCore.Client, Version=0.2.10.30701, Culture=neutral, PublicKeyToken=31bf3856ad364e35'. Error: System.Reflection.ReflectionTypeLoadException: Unable to load one or more of the requested types.
Could not load file or assembly 'Microsoft.Bcl.AsyncInterfaces, Version=6.0.0.0, Culture=neutral, PublicKeyToken=cc7b13ffcd2ddd51'. Det går inte att hitta filen.
   at System.Reflection.RuntimeModule.GetTypes(RuntimeModule module)
   at System.Reflection.RuntimeModule.GetTypes()
   at Microsoft.VisualStudio.TestPlatform.Common.ExtensionFramework.TestPluginDiscoverer.GetTestExtensionsFromAssembly[TPluginInfo,TExtension](Assembly assembly, Dictionary`2 pluginInfos, String filePath) in /_/src/Microsoft.TestPlatform.Common/ExtensionFramework/TestPluginDiscoverer.cs:line 158
System.IO.FileNotFoundException: Could not load file or assembly 'Microsoft.Bcl.AsyncInterfaces, Version=6.0.0.0, Culture=neutral, PublicKeyToken=cc7b13ffcd2ddd51'. Det går inte att hitta filen.
File name: 'Microsoft.Bcl.AsyncInterfaces, Version=6.0.0.0, Culture=neutral, PublicKeyToken=cc7b13ffcd2ddd51'
 ---> System.IO.FileNotFoundException: Could not load file or assembly 'Microsoft.Bcl.AsyncInterfaces, Culture=neutral, PublicKeyToken=null'. Det går inte att hitta filen.
File name: 'Microsoft.Bcl.AsyncInterfaces, Culture=neutral, PublicKeyToken=null'
   at System.Reflection.RuntimeAssembly.InternalLoad(AssemblyName assemblyName, StackCrawlMark& stackMark, AssemblyLoadContext assemblyLoadContext, RuntimeAssembly requestingAssembly, Boolean throwOnFileNotFound)
   at System.Reflection.Assembly.Load(AssemblyName assemblyRef)
   at Microsoft.VisualStudio.TestPlatform.Common.ExtensionFramework.TestPluginCache.CurrentDomainAssemblyResolve(Object sender, AssemblyResolveEventArgs args) in /_/src/Microsoft.TestPlatform.Common/ExtensionFramework/TestPluginCache.cs:line 513
   at System.Runtime.Loader.AssemblyLoadContext.GetFirstResolvedAssemblyFromResolvingEvent(AssemblyName assemblyName)
   at System.Runtime.Loader.AssemblyLoadContext.ResolveUsingEvent(AssemblyName assemblyName)
   at System.Runtime.Loader.AssemblyLoadContext.ResolveUsingResolvingEvent(IntPtr gchManagedAssemblyLoadContext, AssemblyName assemblyName)
TpTrace Warning: 0 : 23344, 1, 2025/01/12, 14:32:00.994, 8512443583027, vstest.console.dll, LoaderExceptions: System.IO.FileNotFoundException: Could not load file or assembly 'Microsoft.Bcl.AsyncInterfaces, Version=6.0.0.0, Culture=neutral, PublicKeyToken=cc7b13ffcd2ddd51'. Det går inte att hitta filen.
File name: 'Microsoft.Bcl.AsyncInterfaces, Version=6.0.0.0, Culture=neutral, PublicKeyToken=cc7b13ffcd2ddd51'
 ---> System.IO.FileNotFoundException: Could not load file or assembly 'Microsoft.Bcl.AsyncInterfaces, Culture=neutral, PublicKeyToken=null'. Det går inte att hitta filen.
File name: 'Microsoft.Bcl.AsyncInterfaces, Culture=neutral, PublicKeyToken=null'
   at System.Reflection.RuntimeAssembly.InternalLoad(AssemblyName assemblyName, StackCrawlMark& stackMark, AssemblyLoadContext assemblyLoadContext, RuntimeAssembly requestingAssembly, Boolean throwOnFileNotFound)
   at System.Reflection.Assembly.Load(AssemblyName assemblyRef)
   at Microsoft.VisualStudio.TestPlatform.Common.ExtensionFramework.TestPluginCache.CurrentDomainAssemblyResolve(Object sender, AssemblyResolveEventArgs args) in /_/src/Microsoft.TestPlatform.Common/ExtensionFramework/TestPluginCache.cs:line 513
   at System.Runtime.Loader.AssemblyLoadContext.GetFirstResolvedAssemblyFromResolvingEvent(AssemblyName assemblyName)
   at System.Runtime.Loader.AssemblyLoadContext.ResolveUsingEvent(AssemblyName assemblyName)
   at System.Runtime.Loader.AssemblyLoadContext.ResolveUsingResolvingEvent(IntPtr gchManagedAssemblyLoadContext, AssemblyName assemblyName)
TpTrace Verbose: 0 : 23344, 1, 2025/01/12, 14:32:00.994, 8512443583886, vstest.console.dll, MetadataReaderExtensionsHelper: Discovering extensions inside assembly 'Microsoft.TestPlatform.Extensions.BlameDataCollector, Version=15.0.0.0, Culture=neutral, PublicKeyToken=b03f5f7f11d50a3a' file path 'C:\Program Files\dotnet\sdk\8.0.400\Extensions\Microsoft.TestPlatform.Extensions.BlameDataCollector.dll'
TpTrace Information: 0 : 23344, 1, 2025/01/12, 14:32:00.995, 8512443591035, vstest.console.dll, GetTestExtensionFromType: Register extension with identifier data 'logger://Microsoft/TestPlatform/Extensions/Blame/v1' and type 'Microsoft.TestPlatform.Extensions.BlameDataCollector.BlameLogger, Microsoft.TestPlatform.Extensions.BlameDataCollector, Version=15.0.0.0, Culture=neutral, PublicKeyToken=b03f5f7f11d50a3a' inside file 'C:\Program Files\dotnet\sdk\8.0.400\Extensions\Microsoft.TestPlatform.Extensions.BlameDataCollector.dll'
TpTrace Verbose: 0 : 23344, 1, 2025/01/12, 14:32:00.995, 8512443591629, vstest.console.dll, MetadataReaderExtensionsHelper: Discovering extensions inside assembly 'Microsoft.TestPlatform.Extensions.EventLogCollector, Version=15.0.0.0, Culture=neutral, PublicKeyToken=b03f5f7f11d50a3a' file path 'C:\Program Files\dotnet\sdk\8.0.400\Extensions\Microsoft.TestPlatform.Extensions.EventLogCollector.dll'
TpTrace Verbose: 0 : 23344, 1, 2025/01/12, 14:32:00.995, 8512443596323, vstest.console.dll, MetadataReaderExtensionsHelper: Discovering extensions inside assembly 'Microsoft.TestPlatform.TestHostRuntimeProvider, Version=15.0.0.0, Culture=neutral, PublicKeyToken=b03f5f7f11d50a3a' file path 'C:\Program Files\dotnet\sdk\8.0.400\Extensions\Microsoft.TestPlatform.TestHostRuntimeProvider.dll'
TpTrace Verbose: 0 : 23344, 1, 2025/01/12, 14:32:00.996, 8512443600839, vstest.console.dll, MetadataReaderExtensionsHelper: Discovering extensions inside assembly 'Microsoft.VisualStudio.TestPlatform.Extensions.Html.TestLogger, Version=15.0.0.0, Culture=neutral, PublicKeyToken=b03f5f7f11d50a3a' file path 'C:\Program Files\dotnet\sdk\8.0.400\Extensions\Microsoft.VisualStudio.TestPlatform.Extensions.Html.TestLogger.dll'
TpTrace Information: 0 : 23344, 1, 2025/01/12, 14:32:00.997, 8512443613254, vstest.console.dll, GetTestExtensionFromType: Register extension with identifier data 'logger://Microsoft/TestPlatform/HtmlLogger/v1' and type 'Microsoft.VisualStudio.TestPlatform.Extensions.HtmlLogger.HtmlLogger, Microsoft.VisualStudio.TestPlatform.Extensions.Html.TestLogger, Version=15.0.0.0, Culture=neutral, PublicKeyToken=b03f5f7f11d50a3a' inside file 'C:\Program Files\dotnet\sdk\8.0.400\Extensions\Microsoft.VisualStudio.TestPlatform.Extensions.Html.TestLogger.dll'
TpTrace Verbose: 0 : 23344, 1, 2025/01/12, 14:32:00.997, 8512443614828, vstest.console.dll, MetadataReaderExtensionsHelper: Discovering extensions inside assembly 'Microsoft.VisualStudio.TestPlatform.Extensions.Trx.TestLogger, Version=15.0.0.0, Culture=neutral, PublicKeyToken=b03f5f7f11d50a3a' file path 'C:\Program Files\dotnet\sdk\8.0.400\Extensions\Microsoft.VisualStudio.TestPlatform.Extensions.Trx.TestLogger.dll'
TpTrace Information: 0 : 23344, 1, 2025/01/12, 14:32:00.998, 8512443627505, vstest.console.dll, GetTestExtensionFromType: Register extension with identifier data 'logger://Microsoft/TestPlatform/TrxLogger/v1' and type 'Microsoft.VisualStudio.TestPlatform.Extensions.TrxLogger.TrxLogger, Microsoft.VisualStudio.TestPlatform.Extensions.Trx.TestLogger, Version=15.0.0.0, Culture=neutral, PublicKeyToken=b03f5f7f11d50a3a' inside file 'C:\Program Files\dotnet\sdk\8.0.400\Extensions\Microsoft.VisualStudio.TestPlatform.Extensions.Trx.TestLogger.dll'
TpTrace Verbose: 0 : 23344, 1, 2025/01/12, 14:32:00.999, 8512443628885, vstest.console.dll, TestPluginCache: Discovered the extensions using extension path ''.
TpTrace Verbose: 0 : 23344, 1, 2025/01/12, 14:32:00.999, 8512443629493, vstest.console.dll, TestPluginCache: Discoverers are ''.
TpTrace Verbose: 0 : 23344, 1, 2025/01/12, 14:32:00.999, 8512443630221, vstest.console.dll, TestPluginCache: Executors are ''.
TpTrace Verbose: 0 : 23344, 1, 2025/01/12, 14:32:00.999, 8512443630514, vstest.console.dll, TestPluginCache: Executors2 are ''.
TpTrace Verbose: 0 : 23344, 1, 2025/01/12, 14:32:00.999, 8512443630768, vstest.console.dll, TestPluginCache: Setting providers are ''.
TpTrace Verbose: 0 : 23344, 1, 2025/01/12, 14:32:00.999, 8512443631541, vstest.console.dll, TestPluginCache: Loggers are 'logger://Microsoft/TestPlatform/Extensions/Blame/v1,logger://Microsoft/TestPlatform/HtmlLogger/v1,logger://Microsoft/TestPlatform/TrxLogger/v1'.
TpTrace Verbose: 0 : 23344, 1, 2025/01/12, 14:32:00.999, 8512443632031, vstest.console.dll, TestPluginCache: TestHosts are 'HostProvider://DefaultTestHost,HostProvider://DotnetTestHost'.
TpTrace Verbose: 0 : 23344, 1, 2025/01/12, 14:32:00.999, 8512443632339, vstest.console.dll, TestPluginCache: DataCollectors are ''.
TpTrace Information: 0 : 23344, 1, 2025/01/12, 14:32:01.000, 8512443640133, vstest.console.dll, TestPluginManager.CreateTestExtension: Attempting to load test extension: Microsoft.TestPlatform.Extensions.BlameDataCollector.BlameLogger
TpTrace Verbose: 0 : 23344, 1, 2025/01/12, 14:32:01.008, 8512443717971, vstest.console.dll, TestEngine: Initializing Parallel Execution as MaxCpuCount is set to: 1
TpTrace Information: 0 : 23344, 1, 2025/01/12, 14:32:01.009, 8512443730583, vstest.console.dll, TestPluginManager.CreateTestExtension: Attempting to load test extension: Microsoft.VisualStudio.TestPlatform.CrossPlatEngine.Hosting.DefaultTestHostManager
TpTrace Information: 0 : 23344, 1, 2025/01/12, 14:32:01.009, 8512443736868, vstest.console.dll, TestPluginManager.CreateTestExtension: Attempting to load test extension: Microsoft.VisualStudio.TestPlatform.CrossPlatEngine.Hosting.DotnetTestHostManager
TpTrace Verbose: 0 : 23344, 1, 2025/01/12, 14:32:01.010, 8512443739284, vstest.console.dll, TestHostManagerCallbacks.ctor: Forwarding output is enabled.
TpTrace Information: 0 : 23344, 1, 2025/01/12, 14:32:01.010, 8512443743374, vstest.console.dll, InferRunSettingsHelper.IsTestSettingsEnabled: Unable to navigate to RunSettings/MSTest. Current node: RunSettings
TpTrace Verbose: 0 : 23344, 1, 2025/01/12, 14:32:01.011, 8512443748969, vstest.console.dll, ParallelOperationManager.ClearSlots: Clearing all slots. Slots should accept more work: True
TpTrace Verbose: 0 : 23344, 1, 2025/01/12, 14:32:01.011, 8512443755320, vstest.console.dll, ParallelOperationManager.SetOccupiedSlotCount: Setting slot counts AvailableSlotCount = 1, OccupiedSlotCount = 0.
TpTrace Verbose: 0 : 23344, 1, 2025/01/12, 14:32:01.012, 8512443758292, vstest.console.dll, Occupied slots:

TpTrace Verbose: 0 : 23344, 1, 2025/01/12, 14:32:01.015, 8512443789203, vstest.console.dll, TestEngine.GetExecutionManager: Chosen execution manager 'Microsoft.VisualStudio.TestPlatform.CrossPlatEngine.Client.Parallel.ParallelProxyExecutionManager, Microsoft.TestPlatform.CrossPlatEngine, Version=15.0.0.0, Culture=neutral, PublicKeyToken=b03f5f7f11d50a3a' ParallelLevel '1'.
TpTrace Verbose: 0 : 23344, 1, 2025/01/12, 14:32:01.015, 8512443791024, vstest.console.dll, TestPlatform.GetSkipDefaultAdapters: Not skipping default adapters SkipDefaultAdapters was false.
TpTrace Verbose: 0 : 23344, 1, 2025/01/12, 14:32:01.015, 8512443791986, vstest.console.dll, TestRunRequest.ExecuteAsync: Creating test run request.
TpTrace Verbose: 0 : 23344, 1, 2025/01/12, 14:32:01.015, 8512443793829, vstest.console.dll, TestRunRequest.ExecuteAsync: Starting.
TpTrace Information: 0 : 23344, 1, 2025/01/12, 14:32:01.016, 8512443806797, vstest.console.dll, TestRunRequest.ExecuteAsync: Starting run with settings:TestRunCriteria:
   KeepAlive=False,FrequencyOfRunStatsChangeEvent=10,RunStatsChangeEventTimeout=00:00:01.5000000,TestCaseFilter=,TestExecutorLauncher=
   Settingsxml=<RunSettings>
  <RunConfiguration>
    <ResultsDirectory>C:\Users\maria\source\repos\FinalAssignment\FinalAssignmentTest\bin\Debug\net8.0\fine-code-coverage\coverage-tool-output</ResultsDirectory>
    <TargetPlatform>X64</TargetPlatform>
    <TargetFrameworkVersion>.NETCoreApp,Version=v8.0</TargetFrameworkVersion>
    <DesignMode>False</DesignMode>
    <CollectSourceInformation>False</CollectSourceInformation>
  </RunConfiguration>
  <LoggerRunSettings>
    <Loggers>
      <Logger friendlyName="blame" enabled="True" />
      <Logger friendlyName="Console" uri="logger://microsoft/TestPlatform/ConsoleLogger/v1" assemblyQualifiedName="Microsoft.VisualStudio.TestPlatform.CommandLine.Internal.ConsoleLogger, vstest.console, Version=15.0.0.0, Culture=neutral, PublicKeyToken=b03f5f7f11d50a3a" codeBase="C:\Program Files\dotnet\sdk\8.0.400\vstest.console.dll" enabled="True" />
    </Loggers>
  </LoggerRunSettings>
  <DataCollectionRunSettings>
    <DataCollectors>
      <DataCollector friendlyName="blame" enabled="True">
        <Configuration>
          <ResultsDirectory>C:\Users\maria\source\repos\FinalAssignment\FinalAssignmentTest\bin\Debug\net8.0\fine-code-coverage\coverage-tool-output</ResultsDirectory>
        </Configuration>
      </DataCollector>
    </DataCollectors>
  </DataCollectionRunSettings>
</RunSettings>

TpTrace Verbose: 0 : 23344, 1, 2025/01/12, 14:32:01.017, 8512443808375, vstest.console.dll, TestRunRequest.ExecuteAsync: Wait for the first run request is over.
TpTrace Verbose: 0 : 23344, 1, 2025/01/12, 14:32:01.017, 8512443812273, vstest.console.dll, MulticastDelegateUtilities.SafeInvoke: TestRun.TestRunStart: Invoking callbacks was skipped because there are no subscribers.
TpTrace Verbose: 0 : 23344, 4, 2025/01/12, 14:32:01.017, 8512443815115, vstest.console.dll, MulticastDelegateUtilities.SafeInvoke: InternalTestLoggerEvents.SendTestRunStart: Invoking callback 1/1 for Microsoft.VisualStudio.TestPlatform.CommandLine.Internal.ConsoleLogger., took 0 ms.
TpTrace Verbose: 0 : 23344, 1, 2025/01/12, 14:32:01.018, 8512443824991, vstest.console.dll, ParallelProxyExecutionManager: Start execution. Total sources: 1
TpTrace Verbose: 0 : 23344, 1, 2025/01/12, 14:32:01.019, 8512443828454, vstest.console.dll, ParallelOperationManager.StartWork: Starting adding 1 workloads.
TpTrace Verbose: 0 : 23344, 1, 2025/01/12, 14:32:01.019, 8512443829167, vstest.console.dll, ParallelOperationManager.ClearSlots: Clearing all slots. Slots should accept more work: True
TpTrace Verbose: 0 : 23344, 1, 2025/01/12, 14:32:01.019, 8512443832148, vstest.console.dll, ParallelOperationManager.SetOccupiedSlotCount: Setting slot counts AvailableSlotCount = 1, OccupiedSlotCount = 0.
TpTrace Verbose: 0 : 23344, 1, 2025/01/12, 14:32:01.019, 8512443832903, vstest.console.dll, Occupied slots:

TpTrace Verbose: 0 : 23344, 1, 2025/01/12, 14:32:01.020, 8512443844652, vstest.console.dll, TestHostManagerCallbacks.ctor: Forwarding output is enabled.
TpTrace Verbose: 0 : 23344, 1, 2025/01/12, 14:32:01.020, 8512443846703, vstest.console.dll, TestRequestSender is acting as server.
TpTrace Verbose: 0 : 23344, 1, 2025/01/12, 14:32:01.021, 8512443856765, vstest.console.dll, ParallelOperationManager.RunWorkInParallel: Adding 1 workload to slot, remaining workloads 0.
TpTrace Verbose: 0 : 23344, 1, 2025/01/12, 14:32:01.021, 8512443857350, vstest.console.dll, ParallelOperationManager.SetOccupiedSlotCount: Setting slot counts AvailableSlotCount = 0, OccupiedSlotCount = 1.
TpTrace Verbose: 0 : 23344, 1, 2025/01/12, 14:32:01.022, 8512443858374, vstest.console.dll, Occupied slots:
0: C:\Users\maria\source\repos\FinalAssignment\FinalAssignmentTest\bin\Debug\net8.0\fine-code-coverage\build-output\FinalAssignmentTest.dll
TpTrace Verbose: 0 : 23344, 1, 2025/01/12, 14:32:01.023, 8512443867922, vstest.console.dll, ParallelOperationManager.RunWorkInParallel: Started host in slot number 0 for work (source): C:\Users\maria\source\repos\FinalAssignment\FinalAssignmentTest\bin\Debug\net8.0\fine-code-coverage\build-output\FinalAssignmentTest.dll.
TpTrace Verbose: 0 : 23344, 1, 2025/01/12, 14:32:01.023, 8512443877151, vstest.console.dll, ParallelOperationManager.RunWorkInParallel: We started 1 work items, which is the max parallel level. Won't start more work.
TpTrace Verbose: 0 : 23344, 1, 2025/01/12, 14:32:01.024, 8512443878102, vstest.console.dll, ParallelOperationManager.RunWorkInParallel: We started 1 work items in here, returning True.
TpTrace Information: 0 : 23344, 1, 2025/01/12, 14:32:01.024, 8512443878493, vstest.console.dll, TestRunRequest.ExecuteAsync: Started.
TpTrace Verbose: 0 : 23344, 5, 2025/01/12, 14:32:01.024, 8512443878823, vstest.console.dll, ParallelProxyExecutionManager.StartTestRunOnConcurrentManager: Initializing uninitialized client. Started clients: 0
TpTrace Verbose: 0 : 23344, 5, 2025/01/12, 14:32:01.024, 8512443880594, vstest.console.dll, DataCollectionRequestSender.InitializeCommunication : Initialize communication. 
TpTrace Verbose: 0 : 23344, 1, 2025/01/12, 14:32:01.024, 8512443885582, vstest.console.dll, TestRunRequest.WaitForCompletion: Waiting with timeout -1.
TpTrace Information: 0 : 23344, 5, 2025/01/12, 14:32:01.031, 8512443951447, vstest.console.dll, Listening on Endpoint : 127.0.0.1:50378
TpTrace Verbose: 0 : 23344, 5, 2025/01/12, 14:32:01.038, 8512444025248, vstest.console.dll, DotnetDataCollectionLauncher: Adding  --runtimeconfig "C:\Program Files\dotnet\sdk\8.0.400\datacollector.runtimeconfig.json" in args
TpTrace Verbose: 0 : 23344, 5, 2025/01/12, 14:32:01.038, 8512444027090, vstest.console.dll, DotnetDataCollectionLauncher: Adding  --depsfile "C:\Program Files\dotnet\sdk\8.0.400\datacollector.deps.json" in args
TpTrace Verbose: 0 : 23344, 5, 2025/01/12, 14:32:01.039, 8512444030725, vstest.console.dll, DotnetDataCollectionLauncher: Full path of dotnet.exe is C:\Program Files\dotnet\dotnet.exe
TpTrace Information: 0 : 23344, 5, 2025/01/12, 14:32:01.046, 8512444106347, vstest.console.dll, ProxyDataCollectionManager.Initialize: Launched datacollector processId: 23768 port: 50378
TpTrace Information: 0 : 23344, 5, 2025/01/12, 14:32:01.047, 8512444107816, vstest.console.dll, ProxyDataCollectionManager.Initialize: waiting for connection with timeout: 90 seconds
TpTrace Verbose: 0 : 23344, 5, 2025/01/12, 14:32:01.047, 8512444108699, vstest.console.dll, DataCollectionRequestSender.WaitForRequestHandlerConnection : Waiting for connection with timeout: 90000
TpTrace Information: 0 : 23344, 7, 2025/01/12, 14:32:01.202, 8512445662308, vstest.console.dll, Using the buffer size of 16384 bytes
TpTrace Information: 0 : 23344, 7, 2025/01/12, 14:32:01.202, 8512445663786, vstest.console.dll, Accepted Client request and set the flag
TpTrace Verbose: 0 : 23344, 5, 2025/01/12, 14:32:01.202, 8512445662597, vstest.console.dll, SocketCommunicationManager.WaitForClientConnection took: 155 ms, with 90000 ms timeout, and finished with True.
TpTrace Verbose: 0 : 23344, 5, 2025/01/12, 14:32:01.202, 8512445666074, vstest.console.dll, ProxyDataCollectionManager.InvokeDataCollectionServiceAction: Starting.
TpTrace Information: 0 : 23344, 5, 2025/01/12, 14:32:01.202, 8512445667328, vstest.console.dll, ProxyDataCollectionManager.BeforeTestRunStart: Get environment variable and port for datacollector processId: 23768 port: 50378
TpTrace Verbose: 0 : 23344, 5, 2025/01/12, 14:32:01.203, 8512445668718, vstest.console.dll, DataCollectionRequestSender.SendBeforeTestRunStartAndGetResult: Send BeforeTestRunStart message with settingsXml <RunSettings><RunConfiguration><ResultsDirectory>C:\Users\maria\source\repos\FinalAssignment\FinalAssignmentTest\bin\Debug\net8.0\fine-code-coverage\coverage-tool-output</ResultsDirectory><TargetPlatform>X64</TargetPlatform><TargetFrameworkVersion>.NETCoreApp,Version=v8.0</TargetFrameworkVersion><DesignMode>False</DesignMode><CollectSourceInformation>False</CollectSourceInformation><TestAdaptersPaths>C:\Program Files\dotnet\sdk\8.0.400\Extensions</TestAdaptersPaths></RunConfiguration><LoggerRunSettings><Loggers><Logger friendlyName="blame" enabled="True" /><Logger friendlyName="Console" uri="logger://microsoft/TestPlatform/ConsoleLogger/v1" assemblyQualifiedName="Microsoft.VisualStudio.TestPlatform.CommandLine.Internal.ConsoleLogger, vstest.console, Version=15.0.0.0, Culture=neutral, PublicKeyToken=b03f5f7f11d50a3a" codeBase="C:\Program Files\dotnet\sdk\8.0.400\vstest.console.dll" enabled="True" /></Loggers></LoggerRunSettings><DataCollectionRunSettings><DataCollectors><DataCollector friendlyName="blame" enabled="True"><Configuration><ResultsDirectory>C:\Users\maria\source\repos\FinalAssignment\FinalAssignmentTest\bin\Debug\net8.0\fine-code-coverage\coverage-tool-output</ResultsDirectory></Configuration></DataCollector></DataCollectors></DataCollectionRunSettings></RunSettings> and sources System.Collections.Generic.List`1[System.String]: 
TpTrace Verbose: 0 : 23344, 5, 2025/01/12, 14:32:01.267, 8512446317231, vstest.console.dll, DataCollectionRequestSender.SendBeforeTestRunStartAndGetResult: Received message: (DataCollection.SendMessage) -> {"MessageType":"DataCollection.SendMessage","Payload":{"FriendlyName":null,"Uri":null,"TestCaseId":"00000000-0000-0000-0000-000000000000","Message":"Logging DataCollector Diagnostics in file: C:\\Users\\maria\\source\\repos\\FinalAssignment\\FinalAssignmentTest\\bin\\Debug\\net8.0\\fine-code-coverage\\coverage-tool-output\\diagnostics.datacollector.25-01-12_14-32-01_03842_5.log","Level":0}}
TpTrace Verbose: 0 : 23344, 5, 2025/01/12, 14:32:01.389, 8512447532279, vstest.console.dll, DataCollectionRequestSender.SendBeforeTestRunStartAndGetResult: Received message: (DataCollection.BeforeTestRunStartResult) -> {"MessageType":"DataCollection.BeforeTestRunStartResult","Payload":{"EnvironmentVariables":{},"DataCollectionEventsPort":50580}}
TpTrace Information: 0 : 23344, 5, 2025/01/12, 14:32:01.396, 8512447599226, vstest.console.dll, ProxyDataCollectionManager.BeforeTestRunStart: SendBeforeTestRunStartAndGetResult successful, env variable from datacollector:   and testhost port: 50580
TpTrace Information: 0 : 23344, 5, 2025/01/12, 14:32:01.396, 8512447600777, vstest.console.dll, ProxyDataCollectionManager.InvokeDataCollectionServiceAction: Completed.
TpTrace Verbose: 0 : 23344, 5, 2025/01/12, 14:32:01.396, 8512447601251, vstest.console.dll, ParallelProxyExecutionManager.StartTestRunOnConcurrentManager: Initializing test run. Started clients: 0
TpTrace Verbose: 0 : 23344, 5, 2025/01/12, 14:32:01.396, 8512447602292, vstest.console.dll, ProxyExecutionManager: Test host is always Lazy initialize.
TpTrace Verbose: 0 : 23344, 5, 2025/01/12, 14:32:01.396, 8512447604970, vstest.console.dll, TestRequestSender.InitializeCommunication: initialize communication. 
TpTrace Information: 0 : 23344, 5, 2025/01/12, 14:32:01.397, 8512447610690, vstest.console.dll, SocketServer.Start: Listening on endpoint : 127.0.0.1:50581
TpTrace Verbose: 0 : 23344, 5, 2025/01/12, 14:32:01.398, 8512447621153, vstest.console.dll, DotnetTestHostmanager.GetTestHostProcessStartInfo: Platform environment 'X64' target architecture 'X64' framework '.NETCoreApp,Version=v8.0' OS 'Windows'
TpTrace Verbose: 0 : 23344, 5, 2025/01/12, 14:32:01.398, 8512447623741, vstest.console.dll, DotnetTestHostmanager: Adding  --runtimeconfig "C:\Users\maria\source\repos\FinalAssignment\FinalAssignmentTest\bin\Debug\net8.0\fine-code-coverage\build-output\FinalAssignmentTest.runtimeconfig.json" in args
TpTrace Verbose: 0 : 23344, 5, 2025/01/12, 14:32:01.398, 8512447625205, vstest.console.dll, DotnetTestHostmanager: Adding  --depsfile "C:\Users\maria\source\repos\FinalAssignment\FinalAssignmentTest\bin\Debug\net8.0\fine-code-coverage\build-output\FinalAssignmentTest.deps.json" in args
TpTrace Verbose: 0 : 23344, 5, 2025/01/12, 14:32:01.399, 8512447628475, vstest.console.dll, DotnetTestHostmanager.IsWinOnArm: Current PROCESSOR_ARCHITECTURE from environment variable 'AMD64'
TpTrace Verbose: 0 : 23344, 5, 2025/01/12, 14:32:01.399, 8512447630558, vstest.console.dll, DotnetTestHostmanager.IsWinOnArm: Is Windows on ARM 'False'
TpTrace Verbose: 0 : 23344, 5, 2025/01/12, 14:32:01.399, 8512447632386, vstest.console.dll, DotnetTestHostManager: testhost.exe found at path: C:\Users\maria\source\repos\FinalAssignment\FinalAssignmentTest\bin\Debug\net8.0\fine-code-coverage\build-output\testhost.exe
TpTrace Verbose: 0 : 23344, 5, 2025/01/12, 14:32:01.399, 8512447633252, vstest.console.dll, DotnetTestHostmanager: Full path of host exe is C:\Users\maria\source\repos\FinalAssignment\FinalAssignmentTest\bin\Debug\net8.0\fine-code-coverage\build-output\testhost.exe
TpTrace Verbose: 0 : 23344, 5, 2025/01/12, 14:32:01.399, 8512447636133, vstest.console.dll, DotnetTestHostmanager.LaunchTestHostAsync: Found 'VSTEST_WINAPPHOST_DOTNET_ROOT' in env variables, value 'C:\Program Files\dotnet', forwarding to 'DOTNET_ROOT'
TpTrace Verbose: 0 : 23344, 5, 2025/01/12, 14:32:01.400, 8512447639126, vstest.console.dll, DotnetTestHostManager: Starting process 'C:\Users\maria\source\repos\FinalAssignment\FinalAssignmentTest\bin\Debug\net8.0\fine-code-coverage\build-output\testhost.exe' with command line ' --runtimeconfig "C:\Users\maria\source\repos\FinalAssignment\FinalAssignmentTest\bin\Debug\net8.0\fine-code-coverage\build-output\FinalAssignmentTest.runtimeconfig.json" --depsfile "C:\Users\maria\source\repos\FinalAssignment\FinalAssignmentTest\bin\Debug\net8.0\fine-code-coverage\build-output\FinalAssignmentTest.deps.json" --port 50581 --endpoint 127.0.0.1:050581 --role client --parentprocessid 23344 --diag "C:\Users\maria\source\repos\FinalAssignment\FinalAssignmentTest\bin\Debug\net8.0\fine-code-coverage\coverage-tool-output\diagnostics.host.25-01-12_14-32-01_39788_5.log" --tracelevel 4 --datacollectionport 50580 --telemetryoptedin false'
TpTrace Verbose: 0 : 23344, 5, 2025/01/12, 14:32:01.407, 8512447708474, vstest.console.dll, MulticastDelegateUtilities.SafeInvoke: HostProviderEvents.OnHostLaunched: Invoking callback 1/2 for Microsoft.VisualStudio.TestPlatform.CrossPlatEngine.Client.ProxyExecutionManagerWithDataCollection., took 1 ms.
TpTrace Verbose: 0 : 23344, 5, 2025/01/12, 14:32:01.407, 8512447713695, vstest.console.dll, Test Runtime launched
TpTrace Verbose: 0 : 23344, 5, 2025/01/12, 14:32:01.407, 8512447715418, vstest.console.dll, MulticastDelegateUtilities.SafeInvoke: HostProviderEvents.OnHostLaunched: Invoking callback 2/2 for Microsoft.VisualStudio.TestPlatform.CrossPlatEngine.Client.ProxyOperationManager., took 0 ms.
TpTrace Verbose: 0 : 23344, 5, 2025/01/12, 14:32:01.408, 8512447717958, vstest.console.dll, TestRequestSender.WaitForRequestHandlerConnection: waiting for connection with timeout: 90000.
TpTrace Verbose: 0 : 23344, 13, 2025/01/12, 14:32:01.592, 8512449558592, vstest.console.dll, MulticastDelegateUtilities.SafeInvoke: SocketServer: ClientConnected: Invoking callback 1/1 for Microsoft.VisualStudio.TestPlatform.CommunicationUtilities.TestRequestSender., took 0 ms.
TpTrace Verbose: 0 : 23344, 5, 2025/01/12, 14:32:01.592, 8512449559885, vstest.console.dll, TestRequestSender.WaitForRequestHandlerConnection: waiting took 184 ms, with timeout 90000 ms, and result 0, which is success.
TpTrace Verbose: 0 : 23344, 13, 2025/01/12, 14:32:01.592, 8512449560493, vstest.console.dll, SocketServer.OnClientConnected: Client connected for endPoint: 127.0.0.1:50581, starting MessageLoopAsync:
TpTrace Verbose: 0 : 23344, 14, 2025/01/12, 14:32:01.593, 8512449567837, vstest.console.dll, TcpClientExtensions.MessageLoopAsync: Polling on remoteEndPoint: 127.0.0.1:50582 localEndPoint: 127.0.0.1:50581 after 0 ms
TpTrace Verbose: 0 : 23344, 5, 2025/01/12, 14:32:01.593, 8512449573161, vstest.console.dll, TestRequestSender.CheckVersionWithTestHost: Sending check version message: {"MessageType":"ProtocolVersion","Payload":7}
TpTrace Verbose: 0 : 23344, 14, 2025/01/12, 14:32:01.692, 8512450562680, vstest.console.dll, TcpClientExtensions.MessageLoopAsync: NotifyDataAvailable remoteEndPoint: 127.0.0.1:50582 localEndPoint: 127.0.0.1:50581
TpTrace Verbose: 0 : 23344, 14, 2025/01/12, 14:32:01.692, 8512450564675, vstest.console.dll, TestRequestSender.CheckVersionWithTestHost: onMessageReceived received message: (ProtocolVersion) -> {"MessageType":"ProtocolVersion","Payload":7}
TpTrace Verbose: 0 : 23344, 14, 2025/01/12, 14:32:01.693, 8512450569885, vstest.console.dll, MulticastDelegateUtilities.SafeInvoke: LengthPrefixCommunicationChannel: MessageReceived: Invoking callback 1/1 for Microsoft.VisualStudio.TestPlatform.CommunicationUtilities.TestRequestSender+<>c__DisplayClass29_0., took 0 ms.
TpTrace Verbose: 0 : 23344, 14, 2025/01/12, 14:32:01.693, 8512450570908, vstest.console.dll, TcpClientExtensions.MessageLoopAsync: Polling on remoteEndPoint: 127.0.0.1:50582 localEndPoint: 127.0.0.1:50581 after 100 ms
TpTrace Verbose: 0 : 23344, 5, 2025/01/12, 14:32:01.693, 8512450571210, vstest.console.dll, TestPluginCache.GetExtensionPaths: Filtered extension paths: 
TpTrace Verbose: 0 : 23344, 5, 2025/01/12, 14:32:01.693, 8512450572464, vstest.console.dll, TestPluginCache.GetExtensionPaths: Added default extension paths: C:\Program Files\dotnet\sdk\8.0.400\Extensions\Microsoft.Diagnostics.NETCore.Client.dll
C:\Program Files\dotnet\sdk\8.0.400\Extensions\Microsoft.TestPlatform.Extensions.BlameDataCollector.dll
C:\Program Files\dotnet\sdk\8.0.400\Extensions\Microsoft.TestPlatform.Extensions.EventLogCollector.dll
C:\Program Files\dotnet\sdk\8.0.400\Extensions\Microsoft.TestPlatform.TestHostRuntimeProvider.dll
C:\Program Files\dotnet\sdk\8.0.400\Extensions\Microsoft.VisualStudio.TestPlatform.Extensions.Html.TestLogger.dll
C:\Program Files\dotnet\sdk\8.0.400\Extensions\Microsoft.VisualStudio.TestPlatform.Extensions.Trx.TestLogger.dll
TpTrace Verbose: 0 : 23344, 5, 2025/01/12, 14:32:01.693, 8512450572859, vstest.console.dll, TestPluginCache.GetExtensionPaths: Added unfilterableExtensionPaths: 
TpTrace Verbose: 0 : 23344, 5, 2025/01/12, 14:32:01.695, 8512450595994, vstest.console.dll, TestRequestSender.InitializeExecution: Sending initialize execution with message: {"Version":7,"MessageType":"TestExecution.Initialize","Payload":["C:\\Users\\maria\\source\\repos\\FinalAssignment\\FinalAssignmentTest\\bin\\Debug\\net8.0\\fine-code-coverage\\build-output\\Microsoft.VisualStudio.TestPlatform.MSTest.TestAdapter.dll"]}
TpTrace Verbose: 0 : 23344, 5, 2025/01/12, 14:32:01.696, 8512450597738, vstest.console.dll, ParallelProxyExecutionManager.StartTestRunOnConcurrentManager: Execution starting. Started clients: 1
TpTrace Verbose: 0 : 23344, 5, 2025/01/12, 14:32:01.696, 8512450599874, vstest.console.dll, TestRunRequest:SendTestRunMessage: Starting.
TpTrace Verbose: 0 : 23344, 5, 2025/01/12, 14:32:01.696, 8512450601457, vstest.console.dll, MulticastDelegateUtilities.SafeInvoke: TestRun.LogMessages: Invoking callback 1/1 for Microsoft.VisualStudio.TestPlatform.CommandLine.TestRunResultAggregator., took 0 ms.
TpTrace Information: 0 : 23344, 5, 2025/01/12, 14:32:01.696, 8512450601904, vstest.console.dll, TestRunRequest:SendTestRunMessage: Completed.
TpTrace Verbose: 0 : 23344, 4, 2025/01/12, 14:32:01.696, 8512450603579, vstest.console.dll, MulticastDelegateUtilities.SafeInvoke: InternalTestLoggerEvents.SendTestRunMessage: Invoking callback 1/1 for Microsoft.VisualStudio.TestPlatform.CommandLine.Internal.ConsoleLogger., took 0 ms.
TpTrace Warning: 0 : 23344, 5, 2025/01/12, 14:32:01.696, 8512450605133, vstest.console.dll, InferRunSettingsHelper.MakeRunsettingsCompatible: Removing the following settings: TargetPlatform from RunSettings file. To use those settings please move to latest version of Microsoft.NET.Test.Sdk
TpTrace Verbose: 0 : 23344, 14, 2025/01/12, 14:32:01.697, 8512450616202, vstest.console.dll, TcpClientExtensions.MessageLoopAsync: NotifyDataAvailable remoteEndPoint: 127.0.0.1:50582 localEndPoint: 127.0.0.1:50581
TpTrace Verbose: 0 : 23344, 14, 2025/01/12, 14:32:01.698, 8512450619717, vstest.console.dll, TestRequestSender.OnExecutionMessageReceived: Received message: {"Version":7,"MessageType":"TestSession.Message","Payload":{"MessageLevel":0,"Message":"Logging TestHost Diagnostics in file: C:\\Users\\maria\\source\\repos\\FinalAssignment\\FinalAssignmentTest\\bin\\Debug\\net8.0\\fine-code-coverage\\coverage-tool-output\\diagnostics.host.25-01-12_14-32-01_39788_5.log"}}
TpTrace Verbose: 0 : 23344, 14, 2025/01/12, 14:32:01.700, 8512450642143, vstest.console.dll, TestRunRequest:SendTestRunMessage: Starting.
TpTrace Verbose: 0 : 23344, 14, 2025/01/12, 14:32:01.700, 8512450643704, vstest.console.dll, MulticastDelegateUtilities.SafeInvoke: TestRun.LogMessages: Invoking callback 1/1 for Microsoft.VisualStudio.TestPlatform.CommandLine.TestRunResultAggregator., took 0 ms.
TpTrace Information: 0 : 23344, 14, 2025/01/12, 14:32:01.700, 8512450644162, vstest.console.dll, TestRunRequest:SendTestRunMessage: Completed.
TpTrace Verbose: 0 : 23344, 4, 2025/01/12, 14:32:01.700, 8512450644203, vstest.console.dll, MulticastDelegateUtilities.SafeInvoke: InternalTestLoggerEvents.SendTestRunMessage: Invoking callback 1/1 for Microsoft.VisualStudio.TestPlatform.CommandLine.Internal.ConsoleLogger., took 0 ms.
TpTrace Verbose: 0 : 23344, 14, 2025/01/12, 14:32:01.700, 8512450644644, vstest.console.dll, MulticastDelegateUtilities.SafeInvoke: LengthPrefixCommunicationChannel: MessageReceived: Invoking callback 1/1 for Microsoft.VisualStudio.TestPlatform.CommunicationUtilities.TestRequestSender+<>c__DisplayClass34_0., took 2 ms.
TpTrace Verbose: 0 : 23344, 14, 2025/01/12, 14:32:01.700, 8512450647228, vstest.console.dll, TcpClientExtensions.MessageLoopAsync: Polling on remoteEndPoint: 127.0.0.1:50582 localEndPoint: 127.0.0.1:50581 after 7 ms
TpTrace Verbose: 0 : 23344, 5, 2025/01/12, 14:32:01.702, 8512450663082, vstest.console.dll, TestRequestSender.StartTestRun: Sending test run with message: {"Version":7,"MessageType":"TestExecution.StartWithSources","Payload":{"AdapterSourceMap":{"_none_":["C:\\Users\\maria\\source\\repos\\FinalAssignment\\FinalAssignmentTest\\bin\\Debug\\net8.0\\fine-code-coverage\\build-output\\FinalAssignmentTest.dll"]},"RunSettings":"<RunSettings>\r\n  <RunConfiguration>\r\n    <ResultsDirectory>C:\\Users\\maria\\source\\repos\\FinalAssignment\\FinalAssignmentTest\\bin\\Debug\\net8.0\\fine-code-coverage\\coverage-tool-output</ResultsDirectory>\r\n    <TargetFrameworkVersion>.NETCoreApp,Version=v8.0</TargetFrameworkVersion>\r\n    <DesignMode>False</DesignMode>\r\n    <CollectSourceInformation>False</CollectSourceInformation>\r\n  </RunConfiguration>\r\n  <LoggerRunSettings>\r\n    <Loggers>\r\n      <Logger friendlyName=\"blame\" enabled=\"True\" />\r\n      <Logger friendlyName=\"Console\" uri=\"logger://microsoft/TestPlatform/ConsoleLogger/v1\" assemblyQualifiedName=\"Microsoft.VisualStudio.TestPlatform.CommandLine.Internal.ConsoleLogger, vstest.console, Version=15.0.0.0, Culture=neutral, PublicKeyToken=b03f5f7f11d50a3a\" codeBase=\"C:\\Program Files\\dotnet\\sdk\\8.0.400\\vstest.console.dll\" enabled=\"True\" />\r\n    </Loggers>\r\n  </LoggerRunSettings>\r\n  <DataCollectionRunSettings>\r\n    <DataCollectors>\r\n      <DataCollector friendlyName=\"blame\" enabled=\"True\">\r\n        <Configuration>\r\n          <ResultsDirectory>C:\\Users\\maria\\source\\repos\\FinalAssignment\\FinalAssignmentTest\\bin\\Debug\\net8.0\\fine-code-coverage\\coverage-tool-output</ResultsDirectory>\r\n        </Configuration>\r\n      </DataCollector>\r\n    </DataCollectors>\r\n  </DataCollectionRunSettings>\r\n</RunSettings>","TestExecutionContext":{"FrequencyOfRunStatsChangeEvent":10,"RunStatsChangeEventTimeout":"00:00:01.5000000","InIsolation":false,"KeepAlive":false,"AreTestCaseLevelEventsRequired":false,"IsDebug":false,"TestCaseFilter":null,"FilterOptions":null},"Package":null}}
TpTrace Verbose: 0 : 23344, 5, 2025/01/12, 14:32:01.702, 8512450664620, vstest.console.dll, ParallelProxyExecutionManager.StartTestRunOnConcurrentManager: Execution started. Started clients: 1
TpTrace Verbose: 0 : 23344, 14, 2025/01/12, 14:32:02.071, 8512454353202, vstest.console.dll, TcpClientExtensions.MessageLoopAsync: NotifyDataAvailable remoteEndPoint: 127.0.0.1:50582 localEndPoint: 127.0.0.1:50581
TpTrace Verbose: 0 : 23344, 14, 2025/01/12, 14:32:02.072, 8512454358195, vstest.console.dll, TestRequestSender.OnExecutionMessageReceived: Received message: {"Version":7,"MessageType":"TestExecution.Completed","Payload":{"TestRunCompleteArgs":{"TestRunStatistics":{"ExecutedTests":9,"Stats":{"Passed":9}},"IsCanceled":false,"IsAborted":false,"Error":null,"AttachmentSets":[],"InvokedDataCollectors":[],"ElapsedTimeInRunningTests":"00:00:00.2175320","Metrics":{},"DiscoveredExtensions":{"TestDiscoverers":["Microsoft.VisualStudio.TestPlatform.MSTest.TestAdapter.MSTestDiscoverer, Microsoft.VisualStudio.TestPlatform.MSTest.TestAdapter, Version=14.0.0.0, Culture=neutral, PublicKeyToken=b03f5f7f11d50a3a"],"TestExecutors":["executor://MSTestAdapter/v2"],"TestExecutors2":[],"TestSettingsProviders":[]}},"LastRunTests":{"NewTestResults":[{"TestCase":{"Id":"f64202c6-f920-e37a-d313-acd3d0237e3e","FullyQualifiedName":"FinalAssignmentTest.Tests.Uppgift1.CalculatorTest.AddFromInput_ValidNumbers_ReturnsCorrectSum","DisplayName":"AddFromInput_ValidNumbers_ReturnsCorrectSum","ExecutorUri":"executor://MSTestAdapter/v2","Source":"C:\\Users\\maria\\source\\repos\\FinalAssignment\\FinalAssignmentTest\\bin\\Debug\\net8.0\\fine-code-coverage\\build-output\\FinalAssignmentTest.dll","CodeFilePath":null,"LineNumber":-1,"Properties":[{"Key":{"Id":"TestCase.ManagedType","Label":"ManagedType","Category":"","Description":"","Attributes":1,"ValueType":"System.String"},"Value":"FinalAssignmentTest.Tests.Uppgift1.CalculatorTest"},{"Key":{"Id":"TestCase.ManagedMethod","Label":"ManagedMethod","Category":"","Description":"","Attributes":1,"ValueType":"System.String"},"Value":"AddFromInput_ValidNumbers_ReturnsCorrectSum"},{"Key":{"Id":"MSTest.TestIdGenerationStrategy","Label":"TestIdGenerationStrategy","Category":"","Description":"","Attributes":1,"ValueType":"System.Int32"},"Value":2},{"Key":{"Id":"MSTestDiscoverer.TestClassName","Label":"ClassName","Category":"","Description":"","Attributes":1,"ValueType":"System.String"},"Value":"FinalAssignmentTest.Tests.Uppgift1.CalculatorTest"},{"Key":{"Id":"TestCase.Hierarchy","Label":"Hierarchy","Category":"","Description":"","Attributes":2,"ValueType":"System.String[]"},"Value":[null,"FinalAssignmentTest.Tests.Uppgift1","CalculatorTest","AddFromInput_ValidNumbers_ReturnsCorrectSum"]}]},"Attachments":[],"Outcome":1,"ErrorMessage":null,"ErrorStackTrace":null,"DisplayName":"AddFromInput_ValidNumbers_ReturnsCorrectSum","Messages":[],"ComputerName":"ADMINIS-S7QQ8L0","Duration":"00:00:00.0228019","StartTime":"2025-01-12T14:32:01.9423439+01:00","EndTime":"2025-01-12T14:32:01.9793467+01:00","Properties":[{"Key":{"Id":"ExecutionId","Label":"ExecutionId","Category":"","Description":"","Attributes":1,"ValueType":"System.Guid"},"Value":"00000000-0000-0000-0000-000000000000"},{"Key":{"Id":"ParentExecId","Label":"ParentExecId","Category":"","Description":"","Attributes":1,"ValueType":"System.Guid"},"Value":"00000000-0000-0000-0000-000000000000"},{"Key":{"Id":"InnerResultsCount","Label":"InnerResultsCount","Category":"","Description":"","Attributes":1,"ValueType":"System.Int32"},"Value":0}]},{"TestCase":{"Id":"10b682f3-1d00-6b52-3624-200a9c365406","FullyQualifiedName":"FinalAssignmentTest.Tests.Uppgift1.CalculatorTest.AddFromInput_InvalidNumbers_ThrowsArgumentException","DisplayName":"AddFromInput_InvalidNumbers_ThrowsArgumentException","ExecutorUri":"executor://MSTestAdapter/v2","Source":"C:\\Users\\maria\\source\\repos\\FinalAssignment\\FinalAssignmentTest\\bin\\Debug\\net8.0\\fine-code-coverage\\build-output\\FinalAssignmentTest.dll","CodeFilePath":null,"LineNumber":-1,"Properties":[{"Key":{"Id":"TestCase.ManagedType","Label":"ManagedType","Category":"","Description":"","Attributes":1,"ValueType":"System.String"},"Value":"FinalAssignmentTest.Tests.Uppgift1.CalculatorTest"},{"Key":{"Id":"TestCase.ManagedMethod","Label":"ManagedMethod","Category":"","Description":"","Attributes":1,"ValueType":"System.String"},"Value":"AddFromInput_InvalidNumbers_ThrowsArgumentException"},{"Key":{"Id":"MSTest.TestIdGenerationStrategy","Label":"TestIdGenerationStrategy","Category":"","Description":"","Attributes":1,"ValueType":"System.Int32"},"Value":2},{"Key":{"Id":"MSTestDiscoverer.TestClassName","Label":"ClassName","Category":"","Description":"","Attributes":1,"ValueType":"System.String"},"Value":"FinalAssignmentTest.Tests.Uppgift1.CalculatorTest"},{"Key":{"Id":"TestCase.Hierarchy","Label":"Hierarchy","Category":"","Description":"","Attributes":2,"ValueType":"System.String[]"},"Value":[null,"FinalAssignmentTest.Tests.Uppgift1","CalculatorTest","AddFromInput_InvalidNumbers_ThrowsArgumentException"]}]},"Attachments":[],"Outcome":1,"ErrorMessage":null,"ErrorStackTrace":null,"DisplayName":"AddFromInput_InvalidNumbers_ThrowsArgumentException","Messages":[],"ComputerName":"ADMINIS-S7QQ8L0","Duration":"00:00:00.0013975","StartTime":"2025-01-12T14:32:01.9979051+01:00","EndTime":"2025-01-12T14:32:01.9996772+01:00","Properties":[{"Key":{"Id":"ExecutionId","Label":"ExecutionId","Category":"","Description":"","Attributes":1,"ValueType":"System.Guid"},"Value":"00000000-0000-0000-0000-000000000000"},{"Key":{"Id":"ParentExecId","Label":"ParentExecId","Category":"","Description":"","Attributes":1,"ValueType":"System.Guid"},"Value":"00000000-0000-0000-0000-000000000000"},{"Key":{"Id":"InnerResultsCount","Label":"InnerResultsCount","Category":"","Description":"","Attributes":1,"ValueType":"System.Int32"},"Value":0}]},{"TestCase":{"Id":"27aa45b5-d315-49cc-25ae-a0a6fdc6d135","FullyQualifiedName":"FinalAssignmentTest.Tests.Uppgift1.CalculatorTest.DivideFromInput_ValidNumbers_ReturnsCorrectQuotient","DisplayName":"DivideFromInput_ValidNumbers_ReturnsCorrectQuotient","ExecutorUri":"executor://MSTestAdapter/v2","Source":"C:\\Users\\maria\\source\\repos\\FinalAssignment\\FinalAssignmentTest\\bin\\Debug\\net8.0\\fine-code-coverage\\build-output\\FinalAssignmentTest.dll","CodeFilePath":null,"LineNumber":-1,"Properties":[{"Key":{"Id":"TestCase.ManagedType","Label":"ManagedType","Category":"","Description":"","Attributes":1,"ValueType":"System.String"},"Value":"FinalAssignmentTest.Tests.Uppgift1.CalculatorTest"},{"Key":{"Id":"TestCase.ManagedMethod","Label":"ManagedMethod","Category":"","Description":"","Attributes":1,"ValueType":"System.String"},"Value":"DivideFromInput_ValidNumbers_ReturnsCorrectQuotient"},{"Key":{"Id":"MSTest.TestIdGenerationStrategy","Label":"TestIdGenerationStrategy","Category":"","Description":"","Attributes":1,"ValueType":"System.Int32"},"Value":2},{"Key":{"Id":"MSTestDiscoverer.TestClassName","Label":"ClassName","Category":"","Description":"","Attributes":1,"ValueType":"System.String"},"Value":"FinalAssignmentTest.Tests.Uppgift1.CalculatorTest"},{"Key":{"Id":"TestCase.Hierarchy","Label":"Hierarchy","Category":"","Description":"","Attributes":2,"ValueType":"System.String[]"},"Value":[null,"FinalAssignmentTest.Tests.Uppgift1","CalculatorTest","DivideFromInput_ValidNumbers_ReturnsCorrectQuotient"]}]},"Attachments":[],"Outcome":1,"ErrorMessage":null,"ErrorStackTrace":null,"DisplayName":"DivideFromInput_ValidNumbers_ReturnsCorrectQuotient","Messages":[],"ComputerName":"ADMINIS-S7QQ8L0","Duration":"00:00:00.0003390","StartTime":"2025-01-12T14:32:02.0050755+01:00","EndTime":"2025-01-12T14:32:02.0056567+01:00","Properties":[{"Key":{"Id":"ExecutionId","Label":"ExecutionId","Category":"","Description":"","Attributes":1,"ValueType":"System.Guid"},"Value":"00000000-0000-0000-0000-000000000000"},{"Key":{"Id":"ParentExecId","Label":"ParentExecId","Category":"","Description":"","Attributes":1,"ValueType":"System.Guid"},"Value":"00000000-0000-0000-0000-000000000000"},{"Key":{"Id":"InnerResultsCount","Label":"InnerResultsCount","Category":"","Description":"","Attributes":1,"ValueType":"System.Int32"},"Value":0}]},{"TestCase":{"Id":"073775bc-484a-10fe-6ed3-1acd32acfd02","FullyQualifiedName":"FinalAssignmentTest.Tests.Uppgift1.CalculatorTest.DivideFromInput_InvalidNumbers_ThrowsArgumentException","DisplayName":"DivideFromInput_InvalidNumbers_ThrowsArgumentException","ExecutorUri":"executor://MSTestAdapter/v2","Source":"C:\\Users\\maria\\source\\repos\\FinalAssignment\\FinalAssignmentTest\\bin\\Debug\\net8.0\\fine-code-coverage\\build-output\\FinalAssignmentTest.dll","CodeFilePath":null,"LineNumber":-1,"Properties":[{"Key":{"Id":"TestCase.ManagedType","Label":"ManagedType","Category":"","Description":"","Attributes":1,"ValueType":"System.String"},"Value":"FinalAssignmentTest.Tests.Uppgift1.CalculatorTest"},{"Key":{"Id":"TestCase.ManagedMethod","Label":"ManagedMethod","Category":"","Description":"","Attributes":1,"ValueType":"System.String"},"Value":"DivideFromInput_InvalidNumbers_ThrowsArgumentException"},{"Key":{"Id":"MSTest.TestIdGenerationStrategy","Label":"TestIdGenerationStrategy","Category":"","Description":"","Attributes":1,"ValueType":"System.Int32"},"Value":2},{"Key":{"Id":"MSTestDiscoverer.TestClassName","Label":"ClassName","Category":"","Description":"","Attributes":1,"ValueType":"System.String"},"Value":"FinalAssignmentTest.Tests.Uppgift1.CalculatorTest"},{"Key":{"Id":"TestCase.Hierarchy","Label":"Hierarchy","Category":"","Description":"","Attributes":2,"ValueType":"System.String[]"},"Value":[null,"FinalAssignmentTest.Tests.Uppgift1","CalculatorTest","DivideFromInput_InvalidNumbers_ThrowsArgumentException"]}]},"Attachments":[],"Outcome":1,"ErrorMessage":null,"ErrorStackTrace":null,"DisplayName":"DivideFromInput_InvalidNumbers_ThrowsArgumentException","Messages":[],"ComputerName":"ADMINIS-S7QQ8L0","Duration":"00:00:00.0001816","StartTime":"2025-01-12T14:32:02.0120981+01:00","EndTime":"2025-01-12T14:32:02.0124819+01:00","Properties":[{"Key":{"Id":"ExecutionId","Label":"ExecutionId","Category":"","Description":"","Attributes":1,"ValueType":"System.Guid"},"Value":"00000000-0000-0000-0000-000000000000"},{"Key":{"Id":"ParentExecId","Label":"ParentExecId","Category":"","Description":"","Attributes":1,"ValueType":"System.Guid"},"Value":"00000000-0000-0000-0000-000000000000"},{"Key":{"Id":"InnerResultsCount","Label":"InnerResultsCount","Category":"","Description":"","Attributes":1,"ValueType":"System.Int32"},"Value":0}]},{"TestCase":{"Id":"85ec228b-7cec-b443-df50-c5c543d2e4a6","FullyQualifiedName":"FinalAssignmentTest.Tests.Uppgift1.CalculatorTest.DivideFromInput_DivideByZero_ThrowsArgumentException","DisplayName":"DivideFromInput_DivideByZero_ThrowsArgumentException","ExecutorUri":"executor://MSTestAdapter/v2","Source":"C:\\Users\\maria\\source\\repos\\FinalAssignment\\FinalAssignmentTest\\bin\\Debug\\net8.0\\fine-code-coverage\\build-output\\FinalAssignmentTest.dll","CodeFilePath":null,"LineNumber":-1,"Properties":[{"Key":{"Id":"TestCase.ManagedType","Label":"ManagedType","Category":"","Description":"","Attributes":1,"ValueType":"System.String"},"Value":"FinalAssignmentTest.Tests.Uppgift1.CalculatorTest"},{"Key":{"Id":"TestCase.ManagedMethod","Label":"ManagedMethod","Category":"","Description":"","Attributes":1,"ValueType":"System.String"},"Value":"DivideFromInput_DivideByZero_ThrowsArgumentException"},{"Key":{"Id":"MSTest.TestIdGenerationStrategy","Label":"TestIdGenerationStrategy","Category":"","Description":"","Attributes":1,"ValueType":"System.Int32"},"Value":2},{"Key":{"Id":"MSTestDiscoverer.TestClassName","Label":"ClassName","Category":"","Description":"","Attributes":1,"ValueType":"System.String"},"Value":"FinalAssignmentTest.Tests.Uppgift1.CalculatorTest"},{"Key":{"Id":"TestCase.Hierarchy","Label":"Hierarchy","Category":"","Description":"","Attributes":2,"ValueType":"System.String[]"},"Value":[null,"FinalAssignmentTest.Tests.Uppgift1","CalculatorTest","DivideFromInput_DivideByZero_ThrowsArgumentException"]}]},"Attachments":[],"Outcome":1,"ErrorMessage":null,"ErrorStackTrace":null,"DisplayName":"DivideFromInput_DivideByZero_ThrowsArgumentException","Messages":[],"ComputerName":"ADMINIS-S7QQ8L0","Duration":"00:00:00.0001972","StartTime":"2025-01-12T14:32:02.0156439+01:00","EndTime":"2025-01-12T14:32:02.0160978+01:00","Properties":[{"Key":{"Id":"ExecutionId","Label":"ExecutionId","Category":"","Description":"","Attributes":1,"ValueType":"System.Guid"},"Value":"00000000-0000-0000-0000-000000000000"},{"Key":{"Id":"ParentExecId","Label":"ParentExecId","Category":"","Description":"","Attributes":1,"ValueType":"System.Guid"},"Value":"00000000-0000-0000-0000-000000000000"},{"Key":{"Id":"InnerResultsCount","Label":"InnerResultsCount","Category":"","Description":"","Attributes":1,"ValueType":"System.Int32"},"Value":0}]},{"TestCase":{"Id":"e30db770-ba4d-05d9-8f2a-909d8b61a579","FullyQualifiedName":"FinalAssignmentTest.Tests.Uppgift1.CalculatorTest.MultiplyFromInput_ValidNumbers_ReturnsCorrectProduct","DisplayName":"MultiplyFromInput_ValidNumbers_ReturnsCorrectProduct","ExecutorUri":"executor://MSTestAdapter/v2","Source":"C:\\Users\\maria\\source\\repos\\FinalAssignment\\FinalAssignmentTest\\bin\\Debug\\net8.0\\fine-code-coverage\\build-output\\FinalAssignmentTest.dll","CodeFilePath":null,"LineNumber":-1,"Properties":[{"Key":{"Id":"TestCase.ManagedType","Label":"ManagedType","Category":"","Description":"","Attributes":1,"ValueType":"System.String"},"Value":"FinalAssignmentTest.Tests.Uppgift1.CalculatorTest"},{"Key":{"Id":"TestCase.ManagedMethod","Label":"ManagedMethod","Category":"","Description":"","Attributes":1,"ValueType":"System.String"},"Value":"MultiplyFromInput_ValidNumbers_ReturnsCorrectProduct"},{"Key":{"Id":"MSTest.TestIdGenerationStrategy","Label":"TestIdGenerationStrategy","Category":"","Description":"","Attributes":1,"ValueType":"System.Int32"},"Value":2},{"Key":{"Id":"MSTestDiscoverer.TestClassName","Label":"ClassName","Category":"","Description":"","Attributes":1,"ValueType":"System.String"},"Value":"FinalAssignmentTest.Tests.Uppgift1.CalculatorTest"},{"Key":{"Id":"TestCase.Hierarchy","Label":"Hierarchy","Category":"","Description":"","Attributes":2,"ValueType":"System.String[]"},"Value":[null,"FinalAssignmentTest.Tests.Uppgift1","CalculatorTest","MultiplyFromInput_ValidNumbers_ReturnsCorrectProduct"]}]},"Attachments":[],"Outcome":1,"ErrorMessage":null,"ErrorStackTrace":null,"DisplayName":"MultiplyFromInput_ValidNumbers_ReturnsCorrectProduct","Messages":[],"ComputerName":"ADMINIS-S7QQ8L0","Duration":"00:00:00.0004084","StartTime":"2025-01-12T14:32:02.0192968+01:00","EndTime":"2025-01-12T14:32:02.0199598+01:00","Properties":[{"Key":{"Id":"ExecutionId","Label":"ExecutionId","Category":"","Description":"","Attributes":1,"ValueType":"System.Guid"},"Value":"00000000-0000-0000-0000-000000000000"},{"Key":{"Id":"ParentExecId","Label":"ParentExecId","Category":"","Description":"","Attributes":1,"ValueType":"System.Guid"},"Value":"00000000-0000-0000-0000-000000000000"},{"Key":{"Id":"InnerResultsCount","Label":"InnerResultsCount","Category":"","Description":"","Attributes":1,"ValueType":"System.Int32"},"Value":0}]},{"TestCase":{"Id":"761ea700-baae-a536-0c3a-45e464af2c7c","FullyQualifiedName":"FinalAssignmentTest.Tests.Uppgift1.CalculatorTest.MultiplyFromInput_InvalidNumbers_ThrowsArgumentException","DisplayName":"MultiplyFromInput_InvalidNumbers_ThrowsArgumentException","ExecutorUri":"executor://MSTestAdapter/v2","Source":"C:\\Users\\maria\\source\\repos\\FinalAssignment\\FinalAssignmentTest\\bin\\Debug\\net8.0\\fine-code-coverage\\build-output\\FinalAssignmentTest.dll","CodeFilePath":null,"LineNumber":-1,"Properties":[{"Key":{"Id":"TestCase.ManagedType","Label":"ManagedType","Category":"","Description":"","Attributes":1,"ValueType":"System.String"},"Value":"FinalAssignmentTest.Tests.Uppgift1.CalculatorTest"},{"Key":{"Id":"TestCase.ManagedMethod","Label":"ManagedMethod","Category":"","Description":"","Attributes":1,"ValueType":"System.String"},"Value":"MultiplyFromInput_InvalidNumbers_ThrowsArgumentException"},{"Key":{"Id":"MSTest.TestIdGenerationStrategy","Label":"TestIdGenerationStrategy","Category":"","Description":"","Attributes":1,"ValueType":"System.Int32"},"Value":2},{"Key":{"Id":"MSTestDiscoverer.TestClassName","Label":"ClassName","Category":"","Description":"","Attributes":1,"ValueType":"System.String"},"Value":"FinalAssignmentTest.Tests.Uppgift1.CalculatorTest"},{"Key":{"Id":"TestCase.Hierarchy","Label":"Hierarchy","Category":"","Description":"","Attributes":2,"ValueType":"System.String[]"},"Value":[null,"FinalAssignmentTest.Tests.Uppgift1","CalculatorTest","MultiplyFromInput_InvalidNumbers_ThrowsArgumentException"]}]},"Attachments":[],"Outcome":1,"ErrorMessage":null,"ErrorStackTrace":null,"DisplayName":"MultiplyFromInput_InvalidNumbers_ThrowsArgumentException","Messages":[],"ComputerName":"ADMINIS-S7QQ8L0","Duration":"00:00:00.0002058","StartTime":"2025-01-12T14:32:02.022865+01:00","EndTime":"2025-01-12T14:32:02.023284+01:00","Properties":[{"Key":{"Id":"ExecutionId","Label":"ExecutionId","Category":"","Description":"","Attributes":1,"ValueType":"System.Guid"},"Value":"00000000-0000-0000-0000-000000000000"},{"Key":{"Id":"ParentExecId","Label":"ParentExecId","Category":"","Description":"","Attributes":1,"ValueType":"System.Guid"},"Value":"00000000-0000-0000-0000-000000000000"},{"Key":{"Id":"InnerResultsCount","Label":"InnerResultsCount","Category":"","Description":"","Attributes":1,"ValueType":"System.Int32"},"Value":0}]},{"TestCase":{"Id":"87dd2b0f-8cfe-e0b6-22e2-ad17ee0a1817","FullyQualifiedName":"FinalAssignmentTest.Tests.Uppgift1.CalculatorTest.SubstractFromInput_ValidNumbers_ReturnsCorrectDifference","DisplayName":"SubstractFromInput_ValidNumbers_ReturnsCorrectDifference","ExecutorUri":"executor://MSTestAdapter/v2","Source":"C:\\Users\\maria\\source\\repos\\FinalAssignment\\FinalAssignmentTest\\bin\\Debug\\net8.0\\fine-code-coverage\\build-output\\FinalAssignmentTest.dll","CodeFilePath":null,"LineNumber":-1,"Properties":[{"Key":{"Id":"TestCase.ManagedType","Label":"ManagedType","Category":"","Description":"","Attributes":1,"ValueType":"System.String"},"Value":"FinalAssignmentTest.Tests.Uppgift1.CalculatorTest"},{"Key":{"Id":"TestCase.ManagedMethod","Label":"ManagedMethod","Category":"","Description":"","Attributes":1,"ValueType":"System.String"},"Value":"SubstractFromInput_ValidNumbers_ReturnsCorrectDifference"},{"Key":{"Id":"MSTest.TestIdGenerationStrategy","Label":"TestIdGenerationStrategy","Category":"","Description":"","Attributes":1,"ValueType":"System.Int32"},"Value":2},{"Key":{"Id":"MSTestDiscoverer.TestClassName","Label":"ClassName","Category":"","Description":"","Attributes":1,"ValueType":"System.String"},"Value":"FinalAssignmentTest.Tests.Uppgift1.CalculatorTest"},{"Key":{"Id":"TestCase.Hierarchy","Label":"Hierarchy","Category":"","Description":"","Attributes":2,"ValueType":"System.String[]"},"Value":[null,"FinalAssignmentTest.Tests.Uppgift1","CalculatorTest","SubstractFromInput_ValidNumbers_ReturnsCorrectDifference"]}]},"Attachments":[],"Outcome":1,"ErrorMessage":null,"ErrorStackTrace":null,"DisplayName":"SubstractFromInput_ValidNumbers_ReturnsCorrectDifference","Messages":[],"ComputerName":"ADMINIS-S7QQ8L0","Duration":"00:00:00.0002827","StartTime":"2025-01-12T14:32:02.0263731+01:00","EndTime":"2025-01-12T14:32:02.0268618+01:00","Properties":[{"Key":{"Id":"ExecutionId","Label":"ExecutionId","Category":"","Description":"","Attributes":1,"ValueType":"System.Guid"},"Value":"00000000-0000-0000-0000-000000000000"},{"Key":{"Id":"ParentExecId","Label":"ParentExecId","Category":"","Description":"","Attributes":1,"ValueType":"System.Guid"},"Value":"00000000-0000-0000-0000-000000000000"},{"Key":{"Id":"InnerResultsCount","Label":"InnerResultsCount","Category":"","Description":"","Attributes":1,"ValueType":"System.Int32"},"Value":0}]},{"TestCase":{"Id":"5712e474-8cec-871c-d314-d2d52a432d9c","FullyQualifiedName":"FinalAssignmentTest.Tests.Uppgift1.CalculatorTest.SubstractFromInput_InvalidNumbers_ThrowsArgumentException","DisplayName":"SubstractFromInput_InvalidNumbers_ThrowsArgumentException","ExecutorUri":"executor://MSTestAdapter/v2","Source":"C:\\Users\\maria\\source\\repos\\FinalAssignment\\FinalAssignmentTest\\bin\\Debug\\net8.0\\fine-code-coverage\\build-output\\FinalAssignmentTest.dll","CodeFilePath":null,"LineNumber":-1,"Properties":[{"Key":{"Id":"TestCase.ManagedType","Label":"ManagedType","Category":"","Description":"","Attributes":1,"ValueType":"System.String"},"Value":"FinalAssignmentTest.Tests.Uppgift1.CalculatorTest"},{"Key":{"Id":"TestCase.ManagedMethod","Label":"ManagedMethod","Category":"","Description":"","Attributes":1,"ValueType":"System.String"},"Value":"SubstractFromInput_InvalidNumbers_ThrowsArgumentException"},{"Key":{"Id":"MSTest.TestIdGenerationStrategy","Label":"TestIdGenerationStrategy","Category":"","Description":"","Attributes":1,"ValueType":"System.Int32"},"Value":2},{"Key":{"Id":"MSTestDiscoverer.TestClassName","Label":"ClassName","Category":"","Description":"","Attributes":1,"ValueType":"System.String"},"Value":"FinalAssignmentTest.Tests.Uppgift1.CalculatorTest"},{"Key":{"Id":"TestCase.Hierarchy","Label":"Hierarchy","Category":"","Description":"","Attributes":2,"ValueType":"System.String[]"},"Value":[null,"FinalAssignmentTest.Tests.Uppgift1","CalculatorTest","SubstractFromInput_InvalidNumbers_ThrowsArgumentException"]}]},"Attachments":[],"Outcome":1,"ErrorMessage":null,"ErrorStackTrace":null,"DisplayName":"SubstractFromInput_InvalidNumbers_ThrowsArgumentException","Messages":[],"ComputerName":"ADMINIS-S7QQ8L0","Duration":"00:00:00.0001794","StartTime":"2025-01-12T14:32:02.0295322+01:00","EndTime":"2025-01-12T14:32:02.0307621+01:00","Properties":[{"Key":{"Id":"ExecutionId","Label":"ExecutionId","Category":"","Description":"","Attributes":1,"ValueType":"System.Guid"},"Value":"00000000-0000-0000-0000-000000000000"},{"Key":{"Id":"ParentExecId","Label":"ParentExecId","Category":"","Description":"","Attributes":1,"ValueType":"System.Guid"},"Value":"00000000-0000-0000-0000-000000000000"},{"Key":{"Id":"InnerResultsCount","Label":"InnerResultsCount","Category":"","Description":"","Attributes":1,"ValueType":"System.Int32"},"Value":0}]}],"TestRunStatistics":{"ExecutedTests":9,"Stats":{"Passed":9}},"ActiveTests":[]},"RunAttachments":[],"ExecutorUris":["executor://mstestadapter/v2"]}}
TpTrace Verbose: 0 : 23344, 14, 2025/01/12, 14:32:02.072, 8512454362085, vstest.console.dll, TestRequestSender.EndSession: Sending end session.
TpTrace Verbose: 0 : 23344, 14, 2025/01/12, 14:32:02.072, 8512454363679, vstest.console.dll, ProxyOperationManager.Close: waiting for test host to exit for 100 ms
TpTrace Verbose: 0 : 23344, 7, 2025/01/12, 14:32:02.095, 8512454592721, vstest.console.dll, TestHostManagerCallbacks.StandardOutputReceivedCallback Test host standard output line: 
TpTrace Warning: 0 : 23344, 12, 2025/01/12, 14:32:02.095, 8512454593004, vstest.console.dll, TestHostManagerCallbacks.ErrorReceivedCallback Test host standard error line: 
TpTrace Verbose: 0 : 23344, 12, 2025/01/12, 14:32:02.103, 8512454668286, vstest.console.dll, TestHostProvider.ExitCallBack: Host exited starting callback.
TpTrace Information: 0 : 23344, 12, 2025/01/12, 14:32:02.103, 8512454669732, vstest.console.dll, TestHostManagerCallbacks.ExitCallBack: Testhost processId: 3868 exited with exitcode: 0 error: ''
TpTrace Verbose: 0 : 23344, 12, 2025/01/12, 14:32:02.103, 8512454670186, vstest.console.dll, DotnetTestHostManager.OnHostExited: invoking OnHostExited callback
TpTrace Verbose: 0 : 23344, 12, 2025/01/12, 14:32:02.103, 8512454670676, vstest.console.dll, CrossPlatEngine.TestHostManagerHostExited: calling on client process exit callback.
TpTrace Information: 0 : 23344, 12, 2025/01/12, 14:32:02.103, 8512454671383, vstest.console.dll, TestRequestSender.OnClientProcessExit: Test host process exited. Standard error: 
TpTrace Information: 0 : 23344, 12, 2025/01/12, 14:32:02.103, 8512454671939, vstest.console.dll, SocketServer.Stop: Stop server endPoint: 127.0.0.1:50581
TpTrace Information: 0 : 23344, 14, 2025/01/12, 14:32:02.103, 8512454672088, vstest.console.dll, SocketServer.Stop: Stop server endPoint: 127.0.0.1:50581
TpTrace Information: 0 : 23344, 14, 2025/01/12, 14:32:02.103, 8512454672763, vstest.console.dll, SocketServer.Stop: Cancellation requested. Stopping message loop.
TpTrace Information: 0 : 23344, 12, 2025/01/12, 14:32:02.103, 8512454672220, vstest.console.dll, SocketServer.Stop: Cancellation requested. Stopping message loop.
TpTrace Information: 0 : 23344, 14, 2025/01/12, 14:32:02.103, 8512454673879, vstest.console.dll, Closing the connection
TpTrace Verbose: 0 : 23344, 12, 2025/01/12, 14:32:02.103, 8512454673834, vstest.console.dll, MulticastDelegateUtilities.SafeInvoke: HostProviderEvents.OnHostExited: Invoking callback 1/1 for Microsoft.VisualStudio.TestPlatform.CrossPlatEngine.Client.ProxyOperationManager., took 0 ms.
TpTrace Verbose: 0 : 23344, 14, 2025/01/12, 14:32:02.103, 8512454677234, vstest.console.dll, ProxyDataCollectionManager.InvokeDataCollectionServiceAction: Starting.
TpTrace Information: 0 : 23344, 14, 2025/01/12, 14:32:02.104, 8512454677911, vstest.console.dll, ProxyDataCollectionManager.AfterTestRunEnd: Get attachment set and invoked data collectors processId: 23768 port: 50378
TpTrace Verbose: 0 : 23344, 14, 2025/01/12, 14:32:02.104, 8512454678529, vstest.console.dll, DataCollectionRequestSender.SendAfterTestRunStartAndGetResult: Send AfterTestRunEnd message with isCancelled: False
TpTrace Verbose: 0 : 23344, 14, 2025/01/12, 14:32:02.109, 8512454733949, vstest.console.dll, DataCollectionRequestSender.SendAfterTestRunStartAndGetResult: Received message: (DataCollection.AfterTestRunEndResult) -> {"MessageType":"DataCollection.AfterTestRunEndResult","Payload":{"AttachmentSets":[],"InvokedDataCollectors":[{"Uri":"datacollector://Microsoft/TestPlatform/Extensions/Blame/v1","FriendlyName":"Blame","AssemblyQualifiedName":"Microsoft.TestPlatform.Extensions.BlameDataCollector.BlameCollector, Microsoft.TestPlatform.Extensions.BlameDataCollector, Version=15.0.0.0, Culture=neutral, PublicKeyToken=b03f5f7f11d50a3a","FilePath":"C:\\Program Files\\dotnet\\sdk\\8.0.400\\Extensions\\Microsoft.TestPlatform.Extensions.BlameDataCollector.dll","HasAttachmentProcessor":false}],"Metrics":{}}}
TpTrace Warning: 0 : 23344, 10, 2025/01/12, 14:32:02.115, 8512454792533, vstest.console.dll, DataCollectionLauncher.ErrorReceivedCallback datacollector standard error line: 
TpTrace Information: 0 : 23344, 14, 2025/01/12, 14:32:02.119, 8512454834606, vstest.console.dll, ProxyDataCollectionManager.InvokeDataCollectionServiceAction: Completed.
TpTrace Information: 0 : 23344, 10, 2025/01/12, 14:32:02.124, 8512454880466, vstest.console.dll, DataCollectionLauncher.ExitCallBack: Data collector exited with exitcode: 0 error: ''
TpTrace Verbose: 0 : 23344, 14, 2025/01/12, 14:32:02.195, 8512455589395, vstest.console.dll, TestRunRequest:SendTestRunStatsChange: Starting.
TpTrace Verbose: 0 : 23344, 14, 2025/01/12, 14:32:02.195, 8512455592547, vstest.console.dll, MulticastDelegateUtilities.SafeInvoke: TestRun.RunStatsChanged: Invoking callbacks was skipped because there are no subscribers.
TpTrace Information: 0 : 23344, 14, 2025/01/12, 14:32:02.195, 8512455593025, vstest.console.dll, TestRunRequest:SendTestRunStatsChange: Completed.
TpTrace Verbose: 0 : 23344, 14, 2025/01/12, 14:32:02.195, 8512455595468, vstest.console.dll, ParallelProxyExecutionManager: HandlePartialRunComplete: Total workloads = 1, Total started clients = 1 Total completed clients = 1, Run complete = True, Run canceled: False.
TpTrace Verbose: 0 : 23344, 14, 2025/01/12, 14:32:02.195, 8512455595948, vstest.console.dll, ParallelProxyExecutionManager: HandlePartialRunComplete: All runs completed stopping all managers.
TpTrace Verbose: 0 : 23344, 14, 2025/01/12, 14:32:02.195, 8512455596372, vstest.console.dll, ParallelOperationManager.StopAllManagers: Stopping all managers.
TpTrace Verbose: 0 : 23344, 14, 2025/01/12, 14:32:02.195, 8512455596736, vstest.console.dll, ParallelOperationManager.ClearSlots: Clearing all slots. Slots should accept more work: False
TpTrace Verbose: 0 : 23344, 14, 2025/01/12, 14:32:02.195, 8512455597127, vstest.console.dll, ParallelOperationManager.SetOccupiedSlotCount: Setting slot counts AvailableSlotCount = 1, OccupiedSlotCount = 0.
TpTrace Verbose: 0 : 23344, 14, 2025/01/12, 14:32:02.196, 8512455597595, vstest.console.dll, Occupied slots:

TpTrace Verbose: 0 : 23344, 4, 2025/01/12, 14:32:02.197, 8512455611185, vstest.console.dll, MulticastDelegateUtilities.SafeInvoke: InternalTestLoggerEvents.SendTestResult: Invoking callback 1/1 for Microsoft.VisualStudio.TestPlatform.CommandLine.Internal.ConsoleLogger., took 1 ms.
TpTrace Verbose: 0 : 23344, 4, 2025/01/12, 14:32:02.197, 8512455614462, vstest.console.dll, MulticastDelegateUtilities.SafeInvoke: InternalTestLoggerEvents.SendTestResult: Invoking callback 1/1 for Microsoft.VisualStudio.TestPlatform.CommandLine.Internal.ConsoleLogger., took 0 ms.
TpTrace Verbose: 0 : 23344, 4, 2025/01/12, 14:32:02.197, 8512455615335, vstest.console.dll, MulticastDelegateUtilities.SafeInvoke: InternalTestLoggerEvents.SendTestResult: Invoking callback 1/1 for Microsoft.VisualStudio.TestPlatform.CommandLine.Internal.ConsoleLogger., took 0 ms.
TpTrace Verbose: 0 : 23344, 4, 2025/01/12, 14:32:02.197, 8512455616060, vstest.console.dll, MulticastDelegateUtilities.SafeInvoke: InternalTestLoggerEvents.SendTestResult: Invoking callback 1/1 for Microsoft.VisualStudio.TestPlatform.CommandLine.Internal.ConsoleLogger., took 0 ms.
TpTrace Verbose: 0 : 23344, 4, 2025/01/12, 14:32:02.197, 8512455616678, vstest.console.dll, MulticastDelegateUtilities.SafeInvoke: InternalTestLoggerEvents.SendTestResult: Invoking callback 1/1 for Microsoft.VisualStudio.TestPlatform.CommandLine.Internal.ConsoleLogger., took 0 ms.
TpTrace Verbose: 0 : 23344, 4, 2025/01/12, 14:32:02.198, 8512455617710, vstest.console.dll, MulticastDelegateUtilities.SafeInvoke: InternalTestLoggerEvents.SendTestResult: Invoking callback 1/1 for Microsoft.VisualStudio.TestPlatform.CommandLine.Internal.ConsoleLogger., took 0 ms.
TpTrace Verbose: 0 : 23344, 4, 2025/01/12, 14:32:02.198, 8512455618219, vstest.console.dll, MulticastDelegateUtilities.SafeInvoke: InternalTestLoggerEvents.SendTestResult: Invoking callback 1/1 for Microsoft.VisualStudio.TestPlatform.CommandLine.Internal.ConsoleLogger., took 0 ms.
TpTrace Verbose: 0 : 23344, 4, 2025/01/12, 14:32:02.198, 8512455618865, vstest.console.dll, MulticastDelegateUtilities.SafeInvoke: InternalTestLoggerEvents.SendTestResult: Invoking callback 1/1 for Microsoft.VisualStudio.TestPlatform.CommandLine.Internal.ConsoleLogger., took 0 ms.
TpTrace Verbose: 0 : 23344, 4, 2025/01/12, 14:32:02.198, 8512455619567, vstest.console.dll, MulticastDelegateUtilities.SafeInvoke: InternalTestLoggerEvents.SendTestResult: Invoking callback 1/1 for Microsoft.VisualStudio.TestPlatform.CommandLine.Internal.ConsoleLogger., took 0 ms.
TpTrace Verbose: 0 : 23344, 4, 2025/01/12, 14:32:02.203, 8512455674253, vstest.console.dll, MulticastDelegateUtilities.SafeInvoke: InternalTestLoggerEvents.SendTestRunComplete: Invoking callback 1/2 for Microsoft.TestPlatform.Extensions.BlameDataCollector.BlameLogger., took 0 ms.
TpTrace Verbose: 0 : 23344, 4, 2025/01/12, 14:32:02.209, 8512455730140, vstest.console.dll, MulticastDelegateUtilities.SafeInvoke: InternalTestLoggerEvents.SendTestRunComplete: Invoking callback 2/2 for Microsoft.VisualStudio.TestPlatform.CommandLine.Internal.ConsoleLogger., took 5 ms.
TpTrace Verbose: 0 : 23344, 14, 2025/01/12, 14:32:02.209, 8512455736982, vstest.console.dll, TestRunRequest:TestRunComplete: Starting. IsAborted:False IsCanceled:False.
TpTrace Verbose: 0 : 23344, 14, 2025/01/12, 14:32:02.210, 8512455738812, vstest.console.dll, ParallelOperationManager.DoActionOnAllManagers: Calling an action on all managers.
TpTrace Verbose: 0 : 23344, 14, 2025/01/12, 14:32:02.210, 8512455746895, vstest.console.dll, TestLoggerManager.HandleTestRunComplete: Ignoring as the object is disposed.
TpTrace Verbose: 0 : 23344, 14, 2025/01/12, 14:32:02.211, 8512455748841, vstest.console.dll, MulticastDelegateUtilities.SafeInvoke: TestRun.TestRunComplete: Invoking callback 1/2 for Microsoft.VisualStudio.TestPlatform.CommandLine.TestRunResultAggregator., took 0 ms.
TpTrace Verbose: 0 : 23344, 14, 2025/01/12, 14:32:02.211, 8512455750043, vstest.console.dll, MulticastDelegateUtilities.SafeInvoke: TestRun.TestRunComplete: Invoking callback 2/2 for Microsoft.VisualStudio.TestPlatform.CommandLine.Processors.RunTestsArgumentExecutor+TestRunRequestEventsRegistrar., took 0 ms.
TpTrace Information: 0 : 23344, 14, 2025/01/12, 14:32:02.211, 8512455751082, vstest.console.dll, TestRunRequest:TestRunComplete: Completed.
TpTrace Verbose: 0 : 23344, 14, 2025/01/12, 14:32:02.211, 8512455751492, vstest.console.dll, TestRequestSender.SetOperationComplete: Setting operation complete.
TpTrace Verbose: 0 : 23344, 1, 2025/01/12, 14:32:02.211, 8512455751640, vstest.console.dll, TestRunRequest.Dispose: Starting.
TpTrace Information: 0 : 23344, 1, 2025/01/12, 14:32:02.211, 8512455752390, vstest.console.dll, TestRunRequest.Dispose: Completed.
TpTrace Information: 0 : 23344, 14, 2025/01/12, 14:32:02.211, 8512455751804, vstest.console.dll, SocketServer.Stop: Stop server endPoint: 127.0.0.1:50581
TpTrace Information: 0 : 23344, 14, 2025/01/12, 14:32:02.211, 8512455753261, vstest.console.dll, SocketServer.Stop: Cancellation requested. Stopping message loop.
TpTrace Information: 0 : 23344, 1, 2025/01/12, 14:32:02.211, 8512455752822, vstest.console.dll, TestRequestManager.RunTests: run tests completed.
TpTrace Verbose: 0 : 23344, 14, 2025/01/12, 14:32:02.211, 8512455753786, vstest.console.dll, MulticastDelegateUtilities.SafeInvoke: LengthPrefixCommunicationChannel: MessageReceived: Invoking callback 1/1 for Microsoft.VisualStudio.TestPlatform.CommunicationUtilities.TestRequestSender+<>c__DisplayClass34_0., took 139 ms.
TpTrace Information: 0 : 23344, 1, 2025/01/12, 14:32:02.211, 8512455754717, vstest.console.dll, RunTestsArgumentProcessor:Execute: Test run is completed.
TpTrace Information: 0 : 23344, 14, 2025/01/12, 14:32:02.211, 8512455755805, vstest.console.dll, SocketServer.PrivateStop: Stopping server endPoint: 127.0.0.1:50581 error: 
TpTrace Verbose: 0 : 23344, 1, 2025/01/12, 14:32:02.212, 8512455758013, vstest.console.dll, Executor.Execute: Exiting with exit code of 0
TpTrace Verbose: 0 : 23344, 14, 2025/01/12, 14:32:02.212, 8512455761135, vstest.console.dll, LengthPrefixCommunicationChannel.Dispose: Dispose reader and writer.
TpTrace Information: 0 : 23344, 14, 2025/01/12, 14:32:02.212, 8512455761899, vstest.console.dll, SocketServer.Stop: Raise disconnected event endPoint: 127.0.0.1:50581 error: 
TpTrace Verbose: 0 : 23344, 14, 2025/01/12, 14:32:02.212, 8512455763056, vstest.console.dll, TestRequestSender: OnTestRunAbort: Operation is already complete. Skip error message.
TpTrace Verbose: 0 : 23344, 14, 2025/01/12, 14:32:02.212, 8512455763605, vstest.console.dll, MulticastDelegateUtilities.SafeInvoke: SocketServer: ClientDisconnected: Invoking callback 1/1 for Microsoft.VisualStudio.TestPlatform.CommunicationUtilities.TestRequestSender., took 0 ms.
